0:0:0:0:0:0:0:1 -  -  [01/Sep/2016:12:36:59 +0000] "GET / HTTP/1.1" 200 486  2457
0:0:0:0:0:0:0:1 -  -  [01/Sep/2016:12:37:04 +0000] "GET / HTTP/1.1" 200 486  13
0:0:0:0:0:0:0:1 -  -  [01/Sep/2016:12:37:05 +0000] "GET /gitkit?mode=select HTTP/1.1" 200 925  342
0:0:0:0:0:0:0:1 -  -  [01/Sep/2016:12:37:08 +0000] "GET /gitkit?mode=select HTTP/1.1" 200 925  3
0:0:0:0:0:0:0:1 -  -  [01/Sep/2016:12:37:10 +0000] "GET /gitkit HTTP/1.1" 200 925  1
0:0:0:0:0:0:0:1 -  -  [01/Sep/2016:12:37:10 +0000] "GET /loggedin HTTP/1.1" 200 1582  13
0:0:0:0:0:0:0:1 -  -  [01/Sep/2016:12:37:28 +0000] "POST /loggedin HTTP/1.1" 302 0  5
0:0:0:0:0:0:0:1 -  -  [01/Sep/2016:12:37:28 +0000] "GET /loggedin HTTP/1.1" 200 1576  1
0:0:0:0:0:0:0:1 -  -  [01/Sep/2016:12:37:31 +0000] "POST /loggedin HTTP/1.1" 302 0  3
0:0:0:0:0:0:0:1 -  -  [01/Sep/2016:12:37:31 +0000] "GET /loggedin HTTP/1.1" 200 1581  8
0:0:0:0:0:0:0:1 -  -  [01/Sep/2016:12:37:35 +0000] "GET / HTTP/1.1" 200 486  146
0:0:0:0:0:0:0:1 -  -  [01/Sep/2016:12:50:12 +0000] "GET / HTTP/1.1" 200 486  1777
0:0:0:0:0:0:0:1 -  -  [01/Sep/2016:12:50:16 +0000] "GET / HTTP/1.1" 200 486  23
0:0:0:0:0:0:0:1 -  -  [01/Sep/2016:12:50:17 +0000] "GET /gitkit?mode=select HTTP/1.1" 200 925  114
0:0:0:0:0:0:0:1 -  -  [01/Sep/2016:12:50:19 +0000] "GET /gitkit?mode=select HTTP/1.1" 200 925  6
0:0:0:0:0:0:0:1 -  -  [01/Sep/2016:12:50:20 +0000] "GET /gitkit HTTP/1.1" 200 925  2
0:0:0:0:0:0:0:1 -  -  [01/Sep/2016:12:50:21 +0000] "GET /loggedin HTTP/1.1" 200 1584  247
0:0:0:0:0:0:0:1 -  -  [01/Sep/2016:12:50:29 +0000] "POST /loggedin HTTP/1.1" 302 0  19
0:0:0:0:0:0:0:1 -  -  [01/Sep/2016:12:50:29 +0000] "GET /loggedin?email= HTTP/1.1" 200 1584  27
0:0:0:0:0:0:0:1 -  -  [01/Sep/2016:12:51:41 +0000] "GET / HTTP/1.1" 200 486  2032
0:0:0:0:0:0:0:1 -  -  [01/Sep/2016:12:51:47 +0000] "GET / HTTP/1.1" 200 486  31
0:0:0:0:0:0:0:1 -  -  [01/Sep/2016:12:51:48 +0000] "GET /gitkit?mode=select HTTP/1.1" 200 925  178
0:0:0:0:0:0:0:1 -  -  [01/Sep/2016:12:51:50 +0000] "GET /gitkit?mode=select HTTP/1.1" 200 925  8
0:0:0:0:0:0:0:1 -  -  [01/Sep/2016:12:51:51 +0000] "GET /gitkit HTTP/1.1" 200 925  3
0:0:0:0:0:0:0:1 -  -  [01/Sep/2016:12:51:51 +0000] "GET /loggedin HTTP/1.1" 200 1584  282
0:0:0:0:0:0:0:1 -  -  [01/Sep/2016:12:51:55 +0000] "POST /loggedin HTTP/1.1" 302 0  28
0:0:0:0:0:0:0:1 -  -  [01/Sep/2016:12:51:55 +0000] "GET /loggedin?string=&email= HTTP/1.1" 200 1588  4
0:0:0:0:0:0:0:1 -  -  [01/Sep/2016:13:06:59 +0000] "POST /loggedin HTTP/1.1" 302 0  7
0:0:0:0:0:0:0:1 -  -  [01/Sep/2016:13:06:59 +0000] "GET /loggedin?string=&email= HTTP/1.1" 200 1592  3
0:0:0:0:0:0:0:1 -  -  [01/Sep/2016:13:07:00 +0000] "POST /loggedin HTTP/1.1" 302 0  5
0:0:0:0:0:0:0:1 -  -  [01/Sep/2016:13:07:00 +0000] "GET /loggedin?string=&email= HTTP/1.1" 200 1584  6
0:0:0:0:0:0:0:1 -  -  [01/Sep/2016:13:07:02 +0000] "POST /loggedin HTTP/1.1" 302 0  2
0:0:0:0:0:0:0:1 -  -  [01/Sep/2016:13:07:02 +0000] "GET /loggedin?string=&email= HTTP/1.1" 200 1584  4
0:0:0:0:0:0:0:1 -  -  [01/Sep/2016:13:07:02 +0000] "POST /loggedin HTTP/1.1" 302 0  5
0:0:0:0:0:0:0:1 -  -  [01/Sep/2016:13:07:02 +0000] "GET /loggedin?string=&email= HTTP/1.1" 200 1581  2
0:0:0:0:0:0:0:1 -  -  [01/Sep/2016:13:08:00 +0000] "GET / HTTP/1.1" 200 486  1787
0:0:0:0:0:0:0:1 -  -  [01/Sep/2016:13:08:09 +0000] "GET / HTTP/1.1" 200 486  31
0:0:0:0:0:0:0:1 -  -  [01/Sep/2016:13:08:11 +0000] "GET /gitkit?mode=select HTTP/1.1" 200 925  120
0:0:0:0:0:0:0:1 -  -  [01/Sep/2016:13:08:13 +0000] "GET /gitkit?mode=select HTTP/1.1" 200 925  1
0:0:0:0:0:0:0:1 -  -  [01/Sep/2016:13:08:14 +0000] "GET /gitkit HTTP/1.1" 200 925  2
0:0:0:0:0:0:0:1 -  -  [01/Sep/2016:13:08:15 +0000] "GET /loggedin HTTP/1.1" 200 1583  382
0:0:0:0:0:0:0:1 -  -  [01/Sep/2016:13:08:20 +0000] "POST /loggedin HTTP/1.1" 302 0  28
0:0:0:0:0:0:0:1 -  -  [01/Sep/2016:13:08:20 +0000] "GET /loggedin?string=&email= HTTP/1.1" 200 1586  3
0:0:0:0:0:0:0:1 -  -  [01/Sep/2016:13:08:53 +0000] "GET / HTTP/1.1" 200 486  1896
0:0:0:0:0:0:0:1 -  -  [01/Sep/2016:13:08:59 +0000] "GET / HTTP/1.1" 200 486  33
0:0:0:0:0:0:0:1 -  -  [01/Sep/2016:13:09:00 +0000] "GET /gitkit?mode=select HTTP/1.1" 200 925  122
0:0:0:0:0:0:0:1 -  -  [01/Sep/2016:13:09:02 +0000] "GET /gitkit?mode=select HTTP/1.1" 200 925  4
0:0:0:0:0:0:0:1 -  -  [01/Sep/2016:13:09:03 +0000] "GET /gitkit HTTP/1.1" 200 925  3
0:0:0:0:0:0:0:1 -  -  [01/Sep/2016:13:09:03 +0000] "GET /loggedin HTTP/1.1" 200 1584  248
0:0:0:0:0:0:0:1 -  -  [01/Sep/2016:13:09:07 +0000] "POST /loggedin HTTP/1.1" 302 0  30
0:0:0:0:0:0:0:1 -  -  [01/Sep/2016:13:09:07 +0000] "GET /loggedin?string=&email= HTTP/1.1" 200 1584  2
0:0:0:0:0:0:0:1 -  -  [01/Sep/2016:13:09:11 +0000] "POST /loggedin HTTP/1.1" 302 0  7
0:0:0:0:0:0:0:1 -  -  [01/Sep/2016:13:09:11 +0000] "GET /loggedin?string=&email= HTTP/1.1" 200 1587  7
0:0:0:0:0:0:0:1 -  -  [01/Sep/2016:13:10:43 +0000] "GET /loggedin?string=&email= HTTP/1.1" 200 1603  391
0:0:0:0:0:0:0:1 -  -  [01/Sep/2016:13:11:09 +0000] "GET /loggedin?string=&email= HTTP/1.1" 200 1612  210
