0:0:0:0:0:0:0:1 -  -  [28/Aug/2016:19:55:03 +0000] "GET / HTTP/1.1" 500 6389  389
0:0:0:0:0:0:0:1 -  -  [28/Aug/2016:19:55:03 +0000] "GET /favicon.ico HTTP/1.1" 404 1376  3
0:0:0:0:0:0:0:1 -  -  [28/Aug/2016:19:55:26 +0000] "GET / HTTP/1.1" 200 294  1098
0:0:0:0:0:0:0:1 -  -  [28/Aug/2016:20:34:03 +0000] "GET / HTTP/1.1" 200 294  1046
0:0:0:0:0:0:0:1 -  -  [28/Aug/2016:20:36:09 +0000] "GET / HTTP/1.1" 200 294  1091
0:0:0:0:0:0:0:1 -  -  [28/Aug/2016:20:36:15 +0000] "POST /login HTTP/1.1" 404 1370  6
0:0:0:0:0:0:0:1 -  -  [28/Aug/2016:20:36:57 +0000] "POST /login HTTP/1.1" 404 1370  3
0:0:0:0:0:0:0:1 -  -  [28/Aug/2016:20:37:47 +0000] "POST /login HTTP/1.1" 404 1370  4
0:0:0:0:0:0:0:1 -  -  [28/Aug/2016:20:37:53 +0000] "POST /login HTTP/1.1" 404 1370  8
0:0:0:0:0:0:0:1 -  -  [28/Aug/2016:20:38:14 +0000] "GET / HTTP/1.1" 404 1388  105
0:0:0:0:0:0:0:1 -  -  [28/Aug/2016:20:38:39 +0000] "GET / HTTP/1.1" 404 1388  5
0:0:0:0:0:0:0:1 -  -  [28/Aug/2016:20:38:41 +0000] "GET / HTTP/1.1" 404 1388  9
0:0:0:0:0:0:0:1 -  -  [28/Aug/2016:20:38:41 +0000] "GET / HTTP/1.1" 404 1388  10
0:0:0:0:0:0:0:1 -  -  [28/Aug/2016:20:38:41 +0000] "GET / HTTP/1.1" 404 1388  5
0:0:0:0:0:0:0:1 -  -  [28/Aug/2016:20:38:42 +0000] "GET / HTTP/1.1" 404 1388  5
0:0:0:0:0:0:0:1 -  -  [28/Aug/2016:20:38:42 +0000] "GET / HTTP/1.1" 404 1388  4
0:0:0:0:0:0:0:1 -  -  [28/Aug/2016:20:38:42 +0000] "GET / HTTP/1.1" 404 1388  5
0:0:0:0:0:0:0:1 -  -  [28/Aug/2016:20:39:10 +0000] "GET / HTTP/1.1" 404 1388  7
0:0:0:0:0:0:0:1 -  -  [28/Aug/2016:20:39:22 +0000] "GET / HTTP/1.1" 200 294  860
0:0:0:0:0:0:0:1 -  -  [28/Aug/2016:21:01:29 +0000] "POST /login HTTP/1.1" 404 1370  8
0:0:0:0:0:0:0:1 -  -  [28/Aug/2016:21:01:39 +0000] "POST /login HTTP/1.1" 404 1370  6
0:0:0:0:0:0:0:1 -  -  [28/Aug/2016:21:02:27 +0000] "POST /login HTTP/1.1" 404 1370  33
0:0:0:0:0:0:0:1 -  -  [28/Aug/2016:21:03:13 +0000] "GET / HTTP/1.1" 200 294  1020
0:0:0:0:0:0:0:1 -  -  [28/Aug/2016:21:03:16 +0000] "POST /login HTTP/1.1" 200 313  31
0:0:0:0:0:0:0:1 -  -  [28/Aug/2016:21:03:21 +0000] "POST /login HTTP/1.1" 200 313  4
0:0:0:0:0:0:0:1 -  -  [28/Aug/2016:21:03:25 +0000] "POST /login HTTP/1.1" 200 113  172
0:0:0:0:0:0:0:1 -  -  [28/Aug/2016:21:04:06 +0000] "GET / HTTP/1.1" 200 294  971
0:0:0:0:0:0:0:1 -  -  [28/Aug/2016:21:04:10 +0000] "POST /login HTTP/1.1" 404 1370  10
0:0:0:0:0:0:0:1 -  -  [28/Aug/2016:21:04:23 +0000] "POST /login HTTP/1.1" 404 1370  4
0:0:0:0:0:0:0:1 -  -  [28/Aug/2016:21:04:26 +0000] "GET / HTTP/1.1" 200 289  201
0:0:0:0:0:0:0:1 -  -  [28/Aug/2016:21:04:29 +0000] "POST / HTTP/1.1" 200 308  33
0:0:0:0:0:0:0:1 -  -  [28/Aug/2016:21:04:34 +0000] "POST / HTTP/1.1" 200 113  119
0:0:0:0:0:0:0:1 -  -  [28/Aug/2016:21:05:20 +0000] "POST / HTTP/1.1" 200 113  3
0:0:0:0:0:0:0:1 -  -  [28/Aug/2016:21:05:24 +0000] "POST / HTTP/1.1" 200 315  153
0:0:0:0:0:0:0:1 -  -  [28/Aug/2016:21:05:24 +0000] "POST /welcome HTTP/1.1" 404 1372  3
0:0:0:0:0:0:0:1 -  -  [28/Aug/2016:21:05:35 +0000] "POST /welcome HTTP/1.1" 404 1372  3
0:0:0:0:0:0:0:1 -  -  [28/Aug/2016:21:06:06 +0000] "GET / HTTP/1.1" 200 296  3
0:0:0:0:0:0:0:1 -  -  [28/Aug/2016:21:06:28 +0000] "GET / HTTP/1.1" 200 294  899
0:0:0:0:0:0:0:1 -  -  [28/Aug/2016:21:06:28 +0000] "GET / HTTP/1.1" 200 294  902
0:0:0:0:0:0:0:1 -  -  [28/Aug/2016:21:06:32 +0000] "POST /login HTTP/1.1" 404 1370  6
0:0:0:0:0:0:0:1 -  -  [28/Aug/2016:21:06:51 +0000] "GET / HTTP/1.1" 200 294  1157
0:0:0:0:0:0:0:1 -  -  [28/Aug/2016:21:06:55 +0000] "POST /login HTTP/1.1" 200 313  28
0:0:0:0:0:0:0:1 -  -  [28/Aug/2016:21:06:59 +0000] "POST /login HTTP/1.1" 200 313  2
0:0:0:0:0:0:0:1 -  -  [28/Aug/2016:21:07:03 +0000] "POST /login HTTP/1.1" 200 113  144
0:0:0:0:0:0:0:1 -  -  [28/Aug/2016:21:07:18 +0000] "POST /login HTTP/1.1" 200 113  2
0:0:0:0:0:0:0:1 -  -  [28/Aug/2016:21:07:35 +0000] "GET /login HTTP/1.1" 405 1420  24
0:0:0:0:0:0:0:1 -  -  [28/Aug/2016:21:07:40 +0000] "GET / HTTP/1.1" 200 294  757
0:0:0:0:0:0:0:1 -  -  [28/Aug/2016:21:07:40 +0000] "GET / HTTP/1.1" 200 294  910
127.0.0.1 -  -  [28/Aug/2016:21:08:18 +0000] "GET / HTTP/1.1" 200 289  771
127.0.0.1 -  -  [28/Aug/2016:21:08:24 +0000] "POST / HTTP/1.1" 200 308  33
0:0:0:0:0:0:0:1 -  -  [28/Aug/2016:21:28:31 +0000] "GET /oauth HTTP/1.1" 400 1374  39
0:0:0:0:0:0:0:1 -  -  [28/Aug/2016:21:33:08 +0000] "GET / HTTP/1.1" 200 289  820
0:0:0:0:0:0:0:1 -  -  [28/Aug/2016:21:33:13 +0000] "GET /oauth HTTP/1.1" 404 1370  13
0:0:0:0:0:0:0:1 -  -  [28/Aug/2016:21:33:17 +0000] "GET / HTTP/1.1" 200 289  3
0:0:0:0:0:0:0:1 -  -  [28/Aug/2016:21:33:26 +0000] "GET /auth HTTP/1.1" 404 0  8
0:0:0:0:0:0:0:1 -  -  [28/Aug/2016:21:34:08 +0000] "GET /auth1 HTTP/1.1" 404 103  10
0:0:0:0:0:0:0:1 -  -  [28/Aug/2016:21:35:05 +0000] "GET /auth1 HTTP/1.1" 404 103  4
0:0:0:0:0:0:0:1 -  -  [28/Aug/2016:21:35:06 +0000] "GET /auth1 HTTP/1.1" 404 103  3
0:0:0:0:0:0:0:1 -  -  [28/Aug/2016:21:35:07 +0000] "GET /auth1 HTTP/1.1" 404 103  2
0:0:0:0:0:0:0:1 -  -  [28/Aug/2016:21:35:07 +0000] "GET /auth1 HTTP/1.1" 404 103  2
0:0:0:0:0:0:0:1 -  -  [28/Aug/2016:21:35:07 +0000] "GET /auth1 HTTP/1.1" 404 103  5
0:0:0:0:0:0:0:1 -  -  [28/Aug/2016:21:35:09 +0000] "GET /auth HTTP/1.1" 404 0  2
0:0:0:0:0:0:0:1 -  -  [28/Aug/2016:21:35:29 +0000] "GET /auth HTTP/1.1" 404 0  31
0:0:0:0:0:0:0:1 -  -  [28/Aug/2016:21:35:35 +0000] "GET /auth1 HTTP/1.1" 404 103  12
0:0:0:0:0:0:0:1 -  -  [28/Aug/2016:21:36:04 +0000] "GET /auth1 HTTP/1.1" 404 103  54
0:0:0:0:0:0:0:1 -  -  [28/Aug/2016:21:36:05 +0000] "GET /auth1 HTTP/1.1" 404 103  8
0:0:0:0:0:0:0:1 -  -  [28/Aug/2016:21:36:06 +0000] "GET /auth1 HTTP/1.1" 404 103  1
0:0:0:0:0:0:0:1 -  -  [28/Aug/2016:21:36:06 +0000] "GET /auth1 HTTP/1.1" 404 103  2
0:0:0:0:0:0:0:1 -  -  [28/Aug/2016:21:36:06 +0000] "GET /auth1 HTTP/1.1" 404 103  2
0:0:0:0:0:0:0:1 -  -  [28/Aug/2016:21:36:12 +0000] "GET /auth2 HTTP/1.1" 404 103  1
0:0:0:0:0:0:0:1 -  -  [28/Aug/2016:21:37:44 +0000] "GET /auth2 HTTP/1.1" 404 108  29
0:0:0:0:0:0:0:1 -  -  [28/Aug/2016:21:37:55 +0000] "GET /auth HTTP/1.1" 404 0  4
0:0:0:0:0:0:0:1 -  -  [28/Aug/2016:21:37:58 +0000] "GET /auth1 HTTP/1.1" 404 108  6
0:0:0:0:0:0:0:1 -  -  [28/Aug/2016:21:38:02 +0000] "GET /auth2 HTTP/1.1" 404 108  3
0:0:0:0:0:0:0:1 -  -  [28/Aug/2016:21:44:21 +0000] "GET /servlet HTTP/1.1" 404 0  26
0:0:0:0:0:0:0:1 -  -  [28/Aug/2016:21:44:32 +0000] "GET /widget HTTP/1.1" 404 108  8
0:0:0:0:0:0:0:1 -  -  [28/Aug/2016:21:49:43 +0000] "GET /widget HTTP/1.1" 404 108  32
0:0:0:0:0:0:0:1 -  -  [28/Aug/2016:21:49:48 +0000] "GET / HTTP/1.1" 404 100  825
0:0:0:0:0:0:0:1 -  -  [28/Aug/2016:22:00:12 +0000] "GET / HTTP/1.1" 404 100  833
0:0:0:0:0:0:0:1 -  -  [28/Aug/2016:22:00:35 +0000] "GET / HTTP/1.1" 404 100  624
0:0:0:0:0:0:0:1 -  -  [28/Aug/2016:22:01:53 +0000] "GET / HTTP/1.1" 404 1388  747
0:0:0:0:0:0:0:1 -  -  [28/Aug/2016:22:02:52 +0000] "GET / HTTP/1.1" 404 512  1292
0:0:0:0:0:0:0:1 -  -  [28/Aug/2016:22:09:03 +0000] "GET / HTTP/1.1" 404 512  18
0:0:0:0:0:0:0:1 -  -  [28/Aug/2016:22:09:43 +0000] "GET / HTTP/1.1" 404 512  1132
0:0:0:0:0:0:0:1 -  -  [28/Aug/2016:22:24:56 +0000] "GET / HTTP/1.1" 404 512  1255
0:0:0:0:0:0:0:1 -  -  [28/Aug/2016:22:24:59 +0000] "GET /gitkit?mode=select HTTP/1.1" 404 108  5
0:0:0:0:0:0:0:1 -  -  [28/Aug/2016:22:26:18 +0000] "GET / HTTP/1.1" 404 512  1215
0:0:0:0:0:0:0:1 -  -  [28/Aug/2016:22:26:21 +0000] "GET /gitkit?mode=select HTTP/1.1" 404 917  263
0:0:0:0:0:0:0:1 -  -  [28/Aug/2016:22:30:46 +0000] "GET / HTTP/1.1" 404 512  1169
0:0:0:0:0:0:0:1 -  -  [28/Aug/2016:22:30:49 +0000] "GET /gitkit?mode=select HTTP/1.1" 404 917  205
0:0:0:0:0:0:0:1 -  -  [28/Aug/2016:22:34:51 +0000] "GET /gitkit?mode=select HTTP/1.1" 404 917  851
0:0:0:0:0:0:0:1 -  -  [28/Aug/2016:22:35:02 +0000] "GET /gitkit HTTP/1.1" 404 917  32
0:0:0:0:0:0:0:1 -  -  [28/Aug/2016:22:35:04 +0000] "GET / HTTP/1.1" 404 512  1254
0:0:0:0:0:0:0:1 -  -  [28/Aug/2016:22:37:26 +0000] "GET / HTTP/1.1" 404 512  1936
0:0:0:0:0:0:0:1 -  -  [28/Aug/2016:22:39:34 +0000] "GET / HTTP/1.1" 404 512  1741
0:0:0:0:0:0:0:1 -  -  [28/Aug/2016:22:42:51 +0000] "GET / HTTP/1.1" 404 1389  924
0:0:0:0:0:0:0:1 -  -  [28/Aug/2016:22:44:22 +0000] "GET / HTTP/1.1" 404 1388  820
0:0:0:0:0:0:0:1 -  -  [28/Aug/2016:22:44:44 +0000] "GET / HTTP/1.1" 404 1389  689
127.0.0.1 -  -  [28/Aug/2016:22:44:46 +0000] "GET / HTTP/1.1" 404 1389  99
127.0.0.1 -  -  [28/Aug/2016:22:44:53 +0000] "GET / HTTP/1.1" 404 1389  160
0:0:0:0:0:0:0:1 -  -  [28/Aug/2016:22:48:33 +0000] "GET / HTTP/1.1" 404 1400  768
0:0:0:0:0:0:0:1 -  -  [28/Aug/2016:22:50:05 +0000] "GET / HTTP/1.1" 404 512  1601
0:0:0:0:0:0:0:1 -  -  [28/Aug/2016:22:50:11 +0000] "GET / HTTP/1.1" 404 512  41
0:0:0:0:0:0:0:1 -  -  [28/Aug/2016:22:50:12 +0000] "GET /gitkit?mode=select HTTP/1.1" 404 917  155
0:0:0:0:0:0:0:1 -  -  [28/Aug/2016:22:50:20 +0000] "GET /gitkit HTTP/1.1" 404 917  5
0:0:0:0:0:0:0:1 -  -  [28/Aug/2016:22:50:21 +0000] "GET / HTTP/1.1" 404 512  113
0:0:0:0:0:0:0:1 -  -  [28/Aug/2016:22:51:09 +0000] "GET / HTTP/1.1" 404 512  1717
0:0:0:0:0:0:0:1 -  -  [28/Aug/2016:22:52:50 +0000] "GET / HTTP/1.1" 404 512  2250
0:0:0:0:0:0:0:1 -  -  [28/Aug/2016:22:57:05 +0000] "GET / HTTP/1.1" 404 512  1684
0:0:0:0:0:0:0:1 -  -  [28/Aug/2016:22:57:37 +0000] "GET / HTTP/1.1" 404 512  1940
0:0:0:0:0:0:0:1 -  -  [28/Aug/2016:22:58:00 +0000] "GET / HTTP/1.1" 404 512  32
0:0:0:0:0:0:0:1 -  -  [28/Aug/2016:23:08:28 +0000] "GET / HTTP/1.1" 404 512  1084
0:0:0:0:0:0:0:1 -  -  [28/Aug/2016:23:12:38 +0000] "GET /gitkit?mode=select HTTP/1.1" 404 917  764
0:0:0:0:0:0:0:1 -  -  [28/Aug/2016:23:12:41 +0000] "GET /gitkit HTTP/1.1" 404 917  4
0:0:0:0:0:0:0:1 -  -  [28/Aug/2016:23:12:43 +0000] "GET / HTTP/1.1" 404 512  917
0:0:0:0:0:0:0:1 -  -  [28/Aug/2016:23:15:20 +0000] "GET / HTTP/1.1" 200 512  1820
0:0:0:0:0:0:0:1 -  -  [28/Aug/2016:23:15:25 +0000] "GET / HTTP/1.1" 200 512  39
0:0:0:0:0:0:0:1 -  -  [28/Aug/2016:23:15:26 +0000] "GET /gitkit?mode=select HTTP/1.1" 200 917  149
0:0:0:0:0:0:0:1 -  -  [28/Aug/2016:23:15:30 +0000] "GET /gitkit?mode=select HTTP/1.1" 200 917  11
0:0:0:0:0:0:0:1 -  -  [28/Aug/2016:23:15:31 +0000] "GET /gitkit HTTP/1.1" 200 917  1
0:0:0:0:0:0:0:1 -  -  [28/Aug/2016:23:15:32 +0000] "GET / HTTP/1.1" 200 512  146
0:0:0:0:0:0:0:1 -  -  [28/Aug/2016:23:19:43 +0000] "GET / HTTP/1.1" 200 531  1582
0:0:0:0:0:0:0:1 -  -  [28/Aug/2016:23:19:55 +0000] "GET / HTTP/1.1" 200 505  29
0:0:0:0:0:0:0:1 -  -  [28/Aug/2016:23:20:13 +0000] "GET / HTTP/1.1" 200 498  153
0:0:0:0:0:0:0:1 -  -  [28/Aug/2016:23:20:52 +0000] "GET / HTTP/1.1" 200 498  1268
0:0:0:0:0:0:0:1 -  -  [28/Aug/2016:23:20:53 +0000] "GET /gitkit?mode=select HTTP/1.1" 200 917  284
0:0:0:0:0:0:0:1 -  -  [28/Aug/2016:23:20:56 +0000] "GET /gitkit?mode=select HTTP/1.1" 200 917  14
0:0:0:0:0:0:0:1 -  -  [28/Aug/2016:23:20:58 +0000] "GET /gitkit HTTP/1.1" 200 917  2
0:0:0:0:0:0:0:1 -  -  [28/Aug/2016:23:20:59 +0000] "GET / HTTP/1.1" 200 538  419
0:0:0:0:0:0:0:1 -  -  [28/Aug/2016:23:21:38 +0000] "GET / HTTP/1.1" 200 498  1207
0:0:0:0:0:0:0:1 -  -  [28/Aug/2016:23:21:41 +0000] "GET /gitkit?mode=select HTTP/1.1" 200 917  140
0:0:0:0:0:0:0:1 -  -  [28/Aug/2016:23:21:43 +0000] "GET /gitkit?mode=select HTTP/1.1" 200 917  10
0:0:0:0:0:0:0:1 -  -  [28/Aug/2016:23:21:45 +0000] "GET /gitkit HTTP/1.1" 200 917  3
0:0:0:0:0:0:0:1 -  -  [28/Aug/2016:23:21:46 +0000] "GET / HTTP/1.1" 200 543  452
0:0:0:0:0:0:0:1 -  -  [28/Aug/2016:23:22:22 +0000] "GET / HTTP/1.1" 200 567  1449
127.0.0.1 -  -  [28/Aug/2016:23:23:52 +0000] "GET / HTTP/1.1" 200 549  1605
0:0:0:0:0:0:0:1 -  -  [28/Aug/2016:23:24:59 +0000] "GET / HTTP/1.1" 200 556  1661
