0:0:0:0:0:0:0:1 -  -  [31/Aug/2016:11:51:54 +0000] "GET / HTTP/1.1" 500 6389  2312
0:0:0:0:0:0:0:1 -  -  [31/Aug/2016:11:51:57 +0000] "GET /favicon.ico HTTP/1.1" 404 1376  3
0:0:0:0:0:0:0:1 -  -  [31/Aug/2016:11:52:43 +0000] "GET / HTTP/1.1" 200 556  2106
0:0:0:0:0:0:0:1 -  -  [31/Aug/2016:12:28:16 +0000] "GET / HTTP/1.1" 500 6389  1334
0:0:0:0:0:0:0:1 -  -  [31/Aug/2016:13:05:47 +0000] "GET / HTTP/1.1" 200 556  3768
0:0:0:0:0:0:0:1 -  -  [31/Aug/2016:13:05:51 +0000] "GET /favicon.ico HTTP/1.1" 404 1376  9
0:0:0:0:0:0:0:1 -  -  [31/Aug/2016:15:22:23 +0000] "GET / HTTP/1.1" 503 27457  21
0:0:0:0:0:0:0:1 -  -  [31/Aug/2016:15:23:00 +0000] "GET / HTTP/1.1" 200 556  2272
0:0:0:0:0:0:0:1 -  -  [31/Aug/2016:15:23:11 +0000] "GET /login HTTP/1.1" 200 289  135
0:0:0:0:0:0:0:1 -  -  [31/Aug/2016:15:23:42 +0000] "POST / HTTP/1.1" 405 1417  5
0:0:0:0:0:0:0:1 -  -  [31/Aug/2016:15:25:35 +0000] "GET / HTTP/1.1" 200 643  345
0:0:0:0:0:0:0:1 -  -  [31/Aug/2016:15:27:30 +0000] "GET / HTTP/1.1" 200 771  348
0:0:0:0:0:0:0:1 -  -  [31/Aug/2016:15:30:42 +0000] "GET / HTTP/1.1" 200 797  380
0:0:0:0:0:0:0:1 -  -  [31/Aug/2016:15:31:06 +0000] "GET / HTTP/1.1" 200 799  260
0:0:0:0:0:0:0:1 -  -  [31/Aug/2016:15:31:12 +0000] "GET / HTTP/1.1" 200 741  14
0:0:0:0:0:0:0:1 -  -  [31/Aug/2016:15:44:46 +0000] "GET / HTTP/1.1" 200 745  185
0:0:0:0:0:0:0:1 -  -  [31/Aug/2016:15:45:10 +0000] "GET / HTTP/1.1" 200 752  163
0:0:0:0:0:0:0:1 -  -  [31/Aug/2016:15:46:23 +0000] "GET / HTTP/1.1" 200 753  119
0:0:0:0:0:0:0:1 -  -  [31/Aug/2016:15:46:24 +0000] "POST / HTTP/1.1" 405 1417  3
0:0:0:0:0:0:0:1 -  -  [31/Aug/2016:15:46:52 +0000] "GET / HTTP/1.1" 200 753  10
0:0:0:0:0:0:0:1 -  -  [31/Aug/2016:15:49:25 +0000] "GET / HTTP/1.1" 200 930  195
0:0:0:0:0:0:0:1 -  -  [31/Aug/2016:15:49:33 +0000] "GET / HTTP/1.1" 200 928  86
0:0:0:0:0:0:0:1 -  -  [31/Aug/2016:15:56:20 +0000] "GET / HTTP/1.1" 200 909  164
0:0:0:0:0:0:0:1 -  -  [31/Aug/2016:15:56:55 +0000] "GET / HTTP/1.1" 200 910  158
0:0:0:0:0:0:0:1 -  -  [31/Aug/2016:15:58:09 +0000] "GET / HTTP/1.1" 200 843  111
0:0:0:0:0:0:0:1 -  -  [31/Aug/2016:15:58:29 +0000] "GET / HTTP/1.1" 200 909  87
0:0:0:0:0:0:0:1 -  -  [31/Aug/2016:15:59:40 +0000] "GET / HTTP/1.1" 200 996  127
0:0:0:0:0:0:0:1 -  -  [31/Aug/2016:16:00:29 +0000] "GET / HTTP/1.1" 200 1068  207
0:0:0:0:0:0:0:1 -  -  [31/Aug/2016:16:05:17 +0000] "GET / HTTP/1.1" 200 913  443
0:0:0:0:0:0:0:1 -  -  [31/Aug/2016:16:08:51 +0000] "GET / HTTP/1.1" 200 928  118
0:0:0:0:0:0:0:1 -  -  [31/Aug/2016:16:08:54 +0000] "GET /?question= HTTP/1.1" 200 928  9
0:0:0:0:0:0:0:1 -  -  [31/Aug/2016:16:09:17 +0000] "GET /?question= HTTP/1.1" 200 928  135
0:0:0:0:0:0:0:1 -  -  [31/Aug/2016:16:09:19 +0000] "GET /?username= HTTP/1.1" 200 928  12
0:0:0:0:0:0:0:1 -  -  [31/Aug/2016:16:09:20 +0000] "GET /?username= HTTP/1.1" 200 928  11
0:0:0:0:0:0:0:1 -  -  [31/Aug/2016:16:09:22 +0000] "GET /?username=asas HTTP/1.1" 200 928  10
0:0:0:0:0:0:0:1 -  -  [31/Aug/2016:16:09:35 +0000] "GET /?username= HTTP/1.1" 200 928  10
0:0:0:0:0:0:0:1 -  -  [31/Aug/2016:16:09:36 +0000] "GET /?username= HTTP/1.1" 200 928  10
0:0:0:0:0:0:0:1 -  -  [31/Aug/2016:16:10:03 +0000] "GET /?username= HTTP/1.1" 200 922  109
0:0:0:0:0:0:0:1 -  -  [31/Aug/2016:16:10:05 +0000] "GET /?username= HTTP/1.1" 200 922  9
0:0:0:0:0:0:0:1 -  -  [31/Aug/2016:16:10:07 +0000] "GET /?username= HTTP/1.1" 200 922  9
0:0:0:0:0:0:0:1 -  -  [31/Aug/2016:16:10:16 +0000] "GET /?username= HTTP/1.1" 200 922  103
0:0:0:0:0:0:0:1 -  -  [31/Aug/2016:16:10:19 +0000] "GET / HTTP/1.1" 200 922  9
0:0:0:0:0:0:0:1 -  -  [31/Aug/2016:16:10:26 +0000] "GET /?question=fdf HTTP/1.1" 200 922  9
0:0:0:0:0:0:0:1 -  -  [31/Aug/2016:16:16:31 +0000] "GET /?question=fdf HTTP/1.1" 200 1034  235
0:0:0:0:0:0:0:1 -  -  [31/Aug/2016:16:16:36 +0000] "GET / HTTP/1.1" 200 1034  6
0:0:0:0:0:0:0:1 -  -  [31/Aug/2016:16:16:40 +0000] "GET /?username= HTTP/1.1" 200 1034  10
0:0:0:0:0:0:0:1 -  -  [31/Aug/2016:16:18:06 +0000] "GET /?username= HTTP/1.1" 200 1212  210
0:0:0:0:0:0:0:1 -  -  [31/Aug/2016:16:18:34 +0000] "GET /?username= HTTP/1.1" 200 1297  131
0:0:0:0:0:0:0:1 -  -  [31/Aug/2016:16:18:36 +0000] "GET /?username= HTTP/1.1" 200 1297  9
0:0:0:0:0:0:0:1 -  -  [31/Aug/2016:16:18:38 +0000] "GET /?username= HTTP/1.1" 200 1297  6
0:0:0:0:0:0:0:1 -  -  [31/Aug/2016:16:19:33 +0000] "GET /?username= HTTP/1.1" 200 1298  134
0:0:0:0:0:0:0:1 -  -  [31/Aug/2016:16:19:38 +0000] "GET /gitkit?mode=select HTTP/1.1" 200 917  172
0:0:0:0:0:0:0:1 -  -  [31/Aug/2016:16:19:41 +0000] "GET /gitkit?mode=select HTTP/1.1" 200 917  3
0:0:0:0:0:0:0:1 -  -  [31/Aug/2016:16:19:42 +0000] "GET /gitkit HTTP/1.1" 200 917  1
0:0:0:0:0:0:0:1 -  -  [31/Aug/2016:16:19:43 +0000] "GET / HTTP/1.1" 200 1356  171
0:0:0:0:0:0:0:1 -  -  [31/Aug/2016:16:20:14 +0000] "GET / HTTP/1.1" 200 1358  248
0:0:0:0:0:0:0:1 -  -  [31/Aug/2016:16:24:58 +0000] "GET / HTTP/1.1" 200 1426  334
0:0:0:0:0:0:0:1 -  -  [31/Aug/2016:16:25:25 +0000] "GET / HTTP/1.1" 200 1476  246
0:0:0:0:0:0:0:1 -  -  [31/Aug/2016:16:25:45 +0000] "GET / HTTP/1.1" 200 1478  206
0:0:0:0:0:0:0:1 -  -  [31/Aug/2016:16:26:10 +0000] "GET / HTTP/1.1" 200 1454  212
0:0:0:0:0:0:0:1 -  -  [31/Aug/2016:16:27:01 +0000] "GET / HTTP/1.1" 200 1504  554
0:0:0:0:0:0:0:1 -  -  [31/Aug/2016:16:27:53 +0000] "GET / HTTP/1.1" 200 1478  242
0:0:0:0:0:0:0:1 -  -  [31/Aug/2016:16:27:59 +0000] "GET / HTTP/1.1" 200 1304  9
0:0:0:0:0:0:0:1 -  -  [31/Aug/2016:16:28:01 +0000] "GET /gitkit?mode=select HTTP/1.1" 200 917  2
0:0:0:0:0:0:0:1 -  -  [31/Aug/2016:16:28:03 +0000] "GET /gitkit?mode=select HTTP/1.1" 200 917  4
0:0:0:0:0:0:0:1 -  -  [31/Aug/2016:16:28:05 +0000] "GET /gitkit HTTP/1.1" 200 917  2
0:0:0:0:0:0:0:1 -  -  [31/Aug/2016:16:28:05 +0000] "GET / HTTP/1.1" 200 1478  123
0:0:0:0:0:0:0:1 -  -  [31/Aug/2016:16:28:25 +0000] "GET / HTTP/1.1" 200 1476  289
0:0:0:0:0:0:0:1 -  -  [31/Aug/2016:16:28:29 +0000] "GET / HTTP/1.1" 200 1302  10
0:0:0:0:0:0:0:1 -  -  [31/Aug/2016:16:29:40 +0000] "GET / HTTP/1.1" 200 1302  1523
0:0:0:0:0:0:0:1 -  -  [31/Aug/2016:16:29:46 +0000] "GET /gitkit?mode=select HTTP/1.1" 200 917  112
0:0:0:0:0:0:0:1 -  -  [31/Aug/2016:16:29:48 +0000] "GET /gitkit?mode=select HTTP/1.1" 200 917  2
0:0:0:0:0:0:0:1 -  -  [31/Aug/2016:16:29:49 +0000] "GET /gitkit HTTP/1.1" 200 917  4
0:0:0:0:0:0:0:1 -  -  [31/Aug/2016:16:29:50 +0000] "GET / HTTP/1.1" 200 1380  434
0:0:0:0:0:0:0:1 -  -  [31/Aug/2016:16:30:41 +0000] "GET / HTTP/1.1" 200 1362  443
0:0:0:0:0:0:0:1 -  -  [31/Aug/2016:16:31:36 +0000] "GET / HTTP/1.1" 200 1404  393
0:0:0:0:0:0:0:1 -  -  [31/Aug/2016:16:31:52 +0000] "GET / HTTP/1.1" 200 1404  279
0:0:0:0:0:0:0:1 -  -  [31/Aug/2016:16:31:54 +0000] "GET /?username= HTTP/1.1" 200 1404  51
0:0:0:0:0:0:0:1 -  -  [31/Aug/2016:16:31:55 +0000] "GET /?username= HTTP/1.1" 200 1404  49
0:0:0:0:0:0:0:1 -  -  [31/Aug/2016:16:32:11 +0000] "GET /?username= HTTP/1.1" 200 1358  292
0:0:0:0:0:0:0:1 -  -  [31/Aug/2016:16:32:32 +0000] "GET /?username= HTTP/1.1" 200 1364  244
0:0:0:0:0:0:0:1 -  -  [31/Aug/2016:16:32:37 +0000] "GET / HTTP/1.1" 200 1286  12
0:0:0:0:0:0:0:1 -  -  [31/Aug/2016:16:33:11 +0000] "GET / HTTP/1.1" 200 1281  159
0:0:0:0:0:0:0:1 -  -  [31/Aug/2016:16:33:17 +0000] "GET /gitkit?mode=select HTTP/1.1" 200 917  3
0:0:0:0:0:0:0:1 -  -  [31/Aug/2016:16:33:19 +0000] "GET /gitkit?mode=select HTTP/1.1" 200 917  3
0:0:0:0:0:0:0:1 -  -  [31/Aug/2016:16:33:20 +0000] "GET /gitkit HTTP/1.1" 200 917  3
0:0:0:0:0:0:0:1 -  -  [31/Aug/2016:16:33:21 +0000] "GET / HTTP/1.1" 200 1385  134
0:0:0:0:0:0:0:1 -  -  [31/Aug/2016:16:33:40 +0000] "GET / HTTP/1.1" 200 1387  279
0:0:0:0:0:0:0:1 -  -  [31/Aug/2016:16:33:44 +0000] "GET / HTTP/1.1" 200 1283  12
0:0:0:0:0:0:0:1 -  -  [31/Aug/2016:16:33:59 +0000] "GET / HTTP/1.1" 200 1283  11
0:0:0:0:0:0:0:1 -  -  [31/Aug/2016:16:35:22 +0000] "GET / HTTP/1.1" 200 1281  145
0:0:0:0:0:0:0:1 -  -  [31/Aug/2016:16:35:31 +0000] "GET /gitkit?mode=select HTTP/1.1" 200 917  4
0:0:0:0:0:0:0:1 -  -  [31/Aug/2016:16:35:33 +0000] "GET /gitkit?mode=select HTTP/1.1" 200 917  6
0:0:0:0:0:0:0:1 -  -  [31/Aug/2016:16:35:34 +0000] "GET /gitkit HTTP/1.1" 200 917  2
0:0:0:0:0:0:0:1 -  -  [31/Aug/2016:16:35:34 +0000] "GET / HTTP/1.1" 200 1385  116
0:0:0:0:0:0:0:1 -  -  [31/Aug/2016:16:36:10 +0000] "GET / HTTP/1.1" 200 1406  258
0:0:0:0:0:0:0:1 -  -  [31/Aug/2016:16:36:36 +0000] "GET / HTTP/1.1" 200 1406  209
0:0:0:0:0:0:0:1 -  -  [31/Aug/2016:16:36:40 +0000] "GET / HTTP/1.1" 200 1406  44
0:0:0:0:0:0:0:1 -  -  [31/Aug/2016:16:36:42 +0000] "GET / HTTP/1.1" 200 1302  8
0:0:0:0:0:0:0:1 -  -  [31/Aug/2016:16:36:45 +0000] "GET /gitkit?mode=select HTTP/1.1" 200 917  3
0:0:0:0:0:0:0:1 -  -  [31/Aug/2016:16:36:47 +0000] "GET /gitkit?mode=select HTTP/1.1" 200 917  6
0:0:0:0:0:0:0:1 -  -  [31/Aug/2016:16:36:48 +0000] "GET /gitkit HTTP/1.1" 200 917  4
0:0:0:0:0:0:0:1 -  -  [31/Aug/2016:16:36:49 +0000] "GET / HTTP/1.1" 200 1406  116
0:0:0:0:0:0:0:1 -  -  [31/Aug/2016:18:16:19 +0000] "GET / HTTP/1.1" 200 463  997
0:0:0:0:0:0:0:1 -  -  [31/Aug/2016:18:16:23 +0000] "GET / HTTP/1.1" 200 463  31
0:0:0:0:0:0:0:1 -  -  [31/Aug/2016:18:16:24 +0000] "GET / HTTP/1.1" 200 463  9
0:0:0:0:0:0:0:1 -  -  [31/Aug/2016:18:16:25 +0000] "GET / HTTP/1.1" 200 463  6
0:0:0:0:0:0:0:1 -  -  [31/Aug/2016:18:16:54 +0000] "GET / HTTP/1.1" 200 486  171
0:0:0:0:0:0:0:1 -  -  [31/Aug/2016:18:17:00 +0000] "GET /gitkit?mode=select HTTP/1.1" 200 925  134
0:0:0:0:0:0:0:1 -  -  [31/Aug/2016:18:17:02 +0000] "GET /gitkit?mode=select HTTP/1.1" 200 925  5
0:0:0:0:0:0:0:1 -  -  [31/Aug/2016:18:17:04 +0000] "GET /gitkit HTTP/1.1" 200 925  2
0:0:0:0:0:0:0:1 -  -  [31/Aug/2016:18:17:04 +0000] "GET /loggedin HTTP/1.1" 404 1373  6
0:0:0:0:0:0:0:1 -  -  [31/Aug/2016:18:20:48 +0000] "GET /loggedin HTTP/1.1" 200 1139  877
0:0:0:0:0:0:0:1 -  -  [31/Aug/2016:18:21:01 +0000] "GET / HTTP/1.1" 200 486  973
0:0:0:0:0:0:0:1 -  -  [31/Aug/2016:18:21:08 +0000] "GET / HTTP/1.1" 200 486  30
0:0:0:0:0:0:0:1 -  -  [31/Aug/2016:18:21:09 +0000] "GET /gitkit?mode=select HTTP/1.1" 200 925  173
0:0:0:0:0:0:0:1 -  -  [31/Aug/2016:18:21:11 +0000] "GET /gitkit?mode=select HTTP/1.1" 200 925  6
0:0:0:0:0:0:0:1 -  -  [31/Aug/2016:18:21:12 +0000] "GET /gitkit HTTP/1.1" 200 925  3
0:0:0:0:0:0:0:1 -  -  [31/Aug/2016:18:21:13 +0000] "GET /loggedin HTTP/1.1" 200 1139  9
0:0:0:0:0:0:0:1 -  -  [31/Aug/2016:18:21:26 +0000] "GET /loggedin?username= HTTP/1.1" 200 1139  1
0:0:0:0:0:0:0:1 -  -  [31/Aug/2016:18:38:49 +0000] "GET /loggedin?username= HTTP/1.1" 200 1243  278
0:0:0:0:0:0:0:1 -  -  [31/Aug/2016:18:38:52 +0000] "POST /loggedin HTTP/1.1" 200 1243  8
0:0:0:0:0:0:0:1 -  -  [31/Aug/2016:18:39:07 +0000] "GET / HTTP/1.1" 200 486  237
0:0:0:0:0:0:0:1 -  -  [31/Aug/2016:18:39:11 +0000] "GET / HTTP/1.1" 200 486  10
0:0:0:0:0:0:0:1 -  -  [31/Aug/2016:18:39:12 +0000] "GET /gitkit?mode=select HTTP/1.1" 200 925  4
0:0:0:0:0:0:0:1 -  -  [31/Aug/2016:18:39:14 +0000] "GET /gitkit?mode=select HTTP/1.1" 200 925  4
0:0:0:0:0:0:0:1 -  -  [31/Aug/2016:18:39:15 +0000] "GET /gitkit HTTP/1.1" 200 925  2
0:0:0:0:0:0:0:1 -  -  [31/Aug/2016:18:39:16 +0000] "GET /loggedin HTTP/1.1" 200 1243  7
0:0:0:0:0:0:0:1 -  -  [31/Aug/2016:18:39:20 +0000] "POST /loggedin HTTP/1.1" 200 1243  3
0:0:0:0:0:0:0:1 -  -  [31/Aug/2016:18:40:00 +0000] "GET / HTTP/1.1" 200 486  1604
0:0:0:0:0:0:0:1 -  -  [31/Aug/2016:18:53:27 +0000] "GET / HTTP/1.1" 200 486  20
0:0:0:0:0:0:0:1 -  -  [31/Aug/2016:18:53:28 +0000] "GET /gitkit?mode=select HTTP/1.1" 200 925  149
0:0:0:0:0:0:0:1 -  -  [31/Aug/2016:18:53:31 +0000] "GET /gitkit?mode=select HTTP/1.1" 200 925  6
0:0:0:0:0:0:0:1 -  -  [31/Aug/2016:18:53:32 +0000] "GET /gitkit HTTP/1.1" 200 925  4
0:0:0:0:0:0:0:1 -  -  [31/Aug/2016:18:53:33 +0000] "GET /loggedin HTTP/1.1" 200 1243  410
0:0:0:0:0:0:0:1 -  -  [31/Aug/2016:18:53:40 +0000] "POST /loggedin HTTP/1.1" 200 1243  60
0:0:0:0:0:0:0:1 -  -  [31/Aug/2016:18:53:51 +0000] "POST /loggedin HTTP/1.1" 200 1243  4
0:0:0:0:0:0:0:1 -  -  [31/Aug/2016:18:53:56 +0000] "POST /loggedin HTTP/1.1" 200 1243  5
0:0:0:0:0:0:0:1 -  -  [31/Aug/2016:18:55:38 +0000] "POST /loggedin HTTP/1.1" 200 1243  6
0:0:0:0:0:0:0:1 -  -  [31/Aug/2016:19:22:27 +0000] "GET / HTTP/1.1" 200 486  1708
0:0:0:0:0:0:0:1 -  -  [31/Aug/2016:19:22:31 +0000] "GET / HTTP/1.1" 200 486  21
0:0:0:0:0:0:0:1 -  -  [31/Aug/2016:19:22:32 +0000] "GET /gitkit?mode=select HTTP/1.1" 200 925  114
0:0:0:0:0:0:0:1 -  -  [31/Aug/2016:19:22:34 +0000] "GET /gitkit?mode=select HTTP/1.1" 200 925  3
0:0:0:0:0:0:0:1 -  -  [31/Aug/2016:19:22:36 +0000] "GET /gitkit HTTP/1.1" 200 925  3
0:0:0:0:0:0:0:1 -  -  [31/Aug/2016:19:22:36 +0000] "GET /loggedin HTTP/1.1" 400 1377  18
0:0:0:0:0:0:0:1 -  -  [31/Aug/2016:19:23:15 +0000] "GET /loggedin HTTP/1.1" 400 1377  3
0:0:0:0:0:0:0:1 -  -  [31/Aug/2016:19:23:57 +0000] "GET /loggedin HTTP/1.1" 400 1377  44
0:0:0:0:0:0:0:1 -  -  [31/Aug/2016:19:23:59 +0000] "GET /loggedin HTTP/1.1" 400 1377  3
127.0.0.1 -  -  [31/Aug/2016:19:24:27 +0000] "GET /loggedin HTTP/1.1" 200 1243  1145
127.0.0.1 -  -  [31/Aug/2016:19:24:28 +0000] "GET /loggedin HTTP/1.1" 200 1243  13
0:0:0:0:0:0:0:1 -  -  [31/Aug/2016:19:28:37 +0000] "GET /loggedin HTTP/1.1" 200 1249  206
0:0:0:0:0:0:0:1 -  -  [31/Aug/2016:19:28:39 +0000] "POST /loggedin HTTP/1.1" 200 1249  21
0:0:0:0:0:0:0:1 -  -  [31/Aug/2016:19:28:45 +0000] "POST /loggedin HTTP/1.1" 200 1249  4
0:0:0:0:0:0:0:1 -  -  [31/Aug/2016:19:28:46 +0000] "POST /loggedin HTTP/1.1" 200 1249  3
0:0:0:0:0:0:0:1 -  -  [31/Aug/2016:19:28:50 +0000] "POST /loggedin HTTP/1.1" 200 1249  4
0:0:0:0:0:0:0:1 -  -  [31/Aug/2016:19:37:38 +0000] "POST /loggedin HTTP/1.1" 200 1249  1204
0:0:0:0:0:0:0:1 -  -  [31/Aug/2016:19:37:51 +0000] "GET / HTTP/1.1" 200 486  981
0:0:0:0:0:0:0:1 -  -  [31/Aug/2016:19:37:54 +0000] "GET / HTTP/1.1" 200 486  25
0:0:0:0:0:0:0:1 -  -  [31/Aug/2016:19:37:55 +0000] "GET /gitkit?mode=select HTTP/1.1" 200 925  190
0:0:0:0:0:0:0:1 -  -  [31/Aug/2016:19:37:57 +0000] "GET /gitkit?mode=select HTTP/1.1" 200 925  3
0:0:0:0:0:0:0:1 -  -  [31/Aug/2016:19:37:58 +0000] "GET /gitkit HTTP/1.1" 200 925  4
0:0:0:0:0:0:0:1 -  -  [31/Aug/2016:19:37:59 +0000] "GET /loggedin HTTP/1.1" 400 1377  14
0:0:0:0:0:0:0:1 -  -  [31/Aug/2016:19:38:46 +0000] "GET / HTTP/1.1" 200 486  1704
127.0.0.1 -  -  [31/Aug/2016:19:38:48 +0000] "GET / HTTP/1.1" 200 486  58
127.0.0.1 -  -  [31/Aug/2016:19:38:50 +0000] "GET / HTTP/1.1" 200 486  20
127.0.0.1 -  -  [31/Aug/2016:19:38:50 +0000] "GET /gitkit?mode=select HTTP/1.1" 200 925  147
127.0.0.1 -  -  [31/Aug/2016:19:38:52 +0000] "GET /gitkit?mode=select HTTP/1.1" 200 925  4
127.0.0.1 -  -  [31/Aug/2016:19:38:53 +0000] "GET /gitkit HTTP/1.1" 200 925  2
127.0.0.1 -  -  [31/Aug/2016:19:38:54 +0000] "GET /loggedin HTTP/1.1" 200 1257  213
0:0:0:0:0:0:0:1 -  -  [31/Aug/2016:19:40:23 +0000] "GET /loggedin HTTP/1.1" 200 1257  841
0:0:0:0:0:0:0:1 -  -  [31/Aug/2016:19:40:30 +0000] "GET / HTTP/1.1" 200 486  999
0:0:0:0:0:0:0:1 -  -  [31/Aug/2016:19:40:32 +0000] "GET / HTTP/1.1" 200 486  29
0:0:0:0:0:0:0:1 -  -  [31/Aug/2016:19:40:33 +0000] "GET /gitkit?mode=select HTTP/1.1" 200 925  183
0:0:0:0:0:0:0:1 -  -  [31/Aug/2016:19:40:35 +0000] "GET /gitkit?mode=select HTTP/1.1" 200 925  2
0:0:0:0:0:0:0:1 -  -  [31/Aug/2016:19:40:36 +0000] "GET /gitkit HTTP/1.1" 200 925  2
0:0:0:0:0:0:0:1 -  -  [31/Aug/2016:19:40:37 +0000] "GET /loggedin HTTP/1.1" 200 1257  1
0:0:0:0:0:0:0:1 -  -  [31/Aug/2016:19:41:06 +0000] "GET /gitkit?mode=select HTTP/1.1" 200 925  702
0:0:0:0:0:0:0:1 -  -  [31/Aug/2016:19:41:08 +0000] "GET /gitkit HTTP/1.1" 200 925  2
0:0:0:0:0:0:0:1 -  -  [31/Aug/2016:19:41:09 +0000] "GET /loggedin HTTP/1.1" 200 1260  273
0:0:0:0:0:0:0:1 -  -  [31/Aug/2016:19:43:20 +0000] "GET / HTTP/1.1" 200 486  1742
0:0:0:0:0:0:0:1 -  -  [31/Aug/2016:19:43:24 +0000] "GET / HTTP/1.1" 200 486  19
0:0:0:0:0:0:0:1 -  -  [31/Aug/2016:19:43:25 +0000] "GET /gitkit?mode=select HTTP/1.1" 200 925  156
0:0:0:0:0:0:0:1 -  -  [31/Aug/2016:19:43:27 +0000] "GET /gitkit?mode=select HTTP/1.1" 200 925  7
0:0:0:0:0:0:0:1 -  -  [31/Aug/2016:19:43:28 +0000] "GET /gitkit HTTP/1.1" 200 925  4
0:0:0:0:0:0:0:1 -  -  [31/Aug/2016:19:43:28 +0000] "GET /loggedin HTTP/1.1" 200 1249  213
0:0:0:0:0:0:0:1 -  -  [31/Aug/2016:19:43:38 +0000] "POST /loggedin HTTP/1.1" 200 1249  24
0:0:0:0:0:0:0:1 -  -  [31/Aug/2016:19:43:56 +0000] "POST /loggedin HTTP/1.1" 200 1249  3
0:0:0:0:0:0:0:1 -  -  [31/Aug/2016:19:43:59 +0000] "GET /loggedin HTTP/1.1" 200 1255  3
0:0:0:0:0:0:0:1 -  -  [31/Aug/2016:19:46:41 +0000] "POST /loggedin HTTP/1.1" 200 1249  5
0:0:0:0:0:0:0:1 -  -  [31/Aug/2016:19:46:44 +0000] "POST /loggedin HTTP/1.1" 200 1249  4
0:0:0:0:0:0:0:1 -  -  [31/Aug/2016:19:46:46 +0000] "POST /loggedin HTTP/1.1" 200 1249  2
0:0:0:0:0:0:0:1 -  -  [31/Aug/2016:19:46:48 +0000] "POST /loggedin HTTP/1.1" 200 1249  4
0:0:0:0:0:0:0:1 -  -  [31/Aug/2016:19:46:51 +0000] "GET /loggedin HTTP/1.1" 200 1254  2
0:0:0:0:0:0:0:1 -  -  [31/Aug/2016:19:46:53 +0000] "GET /loggedin HTTP/1.1" 200 1254  5
0:0:0:0:0:0:0:1 -  -  [31/Aug/2016:19:51:28 +0000] "GET /loggedin HTTP/1.1" 200 1249  908
0:0:0:0:0:0:0:1 -  -  [31/Aug/2016:19:51:33 +0000] "POST /loggedin HTTP/1.1" 302 0  55
0:0:0:0:0:0:0:1 -  -  [31/Aug/2016:19:51:33 +0000] "GET /loggedin HTTP/1.1" 200 1254  2
0:0:0:0:0:0:0:1 -  -  [31/Aug/2016:19:52:31 +0000] "GET /loggedin HTTP/1.1" 200 1259  170
0:0:0:0:0:0:0:1 -  -  [31/Aug/2016:19:52:32 +0000] "POST /loggedin HTTP/1.1" 302 0  5
0:0:0:0:0:0:0:1 -  -  [31/Aug/2016:19:52:32 +0000] "GET /loggedin HTTP/1.1" 200 1249  10
0:0:0:0:0:0:0:1 -  -  [31/Aug/2016:19:52:34 +0000] "POST /loggedin HTTP/1.1" 302 0  5
0:0:0:0:0:0:0:1 -  -  [31/Aug/2016:19:52:34 +0000] "GET /loggedin HTTP/1.1" 200 1257  8
0:0:0:0:0:0:0:1 -  -  [31/Aug/2016:19:52:56 +0000] "GET /loggedin HTTP/1.1" 200 1276  193
0:0:0:0:0:0:0:1 -  -  [31/Aug/2016:19:52:58 +0000] "POST /loggedin HTTP/1.1" 302 0  1
0:0:0:0:0:0:0:1 -  -  [31/Aug/2016:19:52:58 +0000] "GET /loggedin HTTP/1.1" 200 1276  14
0:0:0:0:0:0:0:1 -  -  [31/Aug/2016:19:52:59 +0000] "POST /loggedin HTTP/1.1" 302 0  4
0:0:0:0:0:0:0:1 -  -  [31/Aug/2016:19:52:59 +0000] "GET /loggedin HTTP/1.1" 200 1268  2
0:0:0:0:0:0:0:1 -  -  [31/Aug/2016:19:53:00 +0000] "POST /loggedin HTTP/1.1" 302 0  3
0:0:0:0:0:0:0:1 -  -  [31/Aug/2016:19:53:00 +0000] "GET /loggedin HTTP/1.1" 200 1268  2
0:0:0:0:0:0:0:1 -  -  [31/Aug/2016:19:53:01 +0000] "POST /loggedin HTTP/1.1" 302 0  2
0:0:0:0:0:0:0:1 -  -  [31/Aug/2016:19:53:01 +0000] "GET /loggedin HTTP/1.1" 200 1276  4
0:0:0:0:0:0:0:1 -  -  [31/Aug/2016:19:53:18 +0000] "POST /loggedin HTTP/1.1" 302 0  3
0:0:0:0:0:0:0:1 -  -  [31/Aug/2016:19:53:18 +0000] "GET /loggedin HTTP/1.1" 200 1266  215
0:0:0:0:0:0:0:1 -  -  [31/Aug/2016:19:53:20 +0000] "POST /loggedin HTTP/1.1" 302 0  6
0:0:0:0:0:0:0:1 -  -  [31/Aug/2016:19:53:20 +0000] "GET /loggedin HTTP/1.1" 200 1272  4
0:0:0:0:0:0:0:1 -  -  [31/Aug/2016:19:53:22 +0000] "POST /loggedin HTTP/1.1" 302 0  5
0:0:0:0:0:0:0:1 -  -  [31/Aug/2016:19:53:22 +0000] "GET /loggedin HTTP/1.1" 200 1274  2
0:0:0:0:0:0:0:1 -  -  [31/Aug/2016:23:31:27 +0000] "GET /loggedin HTTP/1.1" 200 1576  861
0:0:0:0:0:0:0:1 -  -  [31/Aug/2016:23:31:30 +0000] "POST /loggedin HTTP/1.1" 302 0  26
0:0:0:0:0:0:0:1 -  -  [31/Aug/2016:23:31:30 +0000] "GET /loggedin HTTP/1.1" 200 1576  4
0:0:0:0:0:0:0:1 -  -  [31/Aug/2016:23:31:33 +0000] "POST /loggedin HTTP/1.1" 302 0  4
0:0:0:0:0:0:0:1 -  -  [31/Aug/2016:23:31:33 +0000] "GET /loggedin HTTP/1.1" 200 1580  5
0:0:0:0:0:0:0:1 -  -  [31/Aug/2016:23:31:35 +0000] "POST /loggedin HTTP/1.1" 302 0  3
0:0:0:0:0:0:0:1 -  -  [31/Aug/2016:23:31:35 +0000] "GET /loggedin HTTP/1.1" 200 1584  4
0:0:0:0:0:0:0:1 -  -  [31/Aug/2016:23:31:37 +0000] "POST /loggedin HTTP/1.1" 302 0  2
0:0:0:0:0:0:0:1 -  -  [31/Aug/2016:23:31:37 +0000] "GET /loggedin HTTP/1.1" 200 1582  2
0:0:0:0:0:0:0:1 -  -  [31/Aug/2016:23:31:39 +0000] "POST /loggedin HTTP/1.1" 302 0  3
0:0:0:0:0:0:0:1 -  -  [31/Aug/2016:23:31:39 +0000] "GET /loggedin HTTP/1.1" 200 1584  8
0:0:0:0:0:0:0:1 -  -  [31/Aug/2016:23:31:39 +0000] "POST /loggedin HTTP/1.1" 302 0  3
0:0:0:0:0:0:0:1 -  -  [31/Aug/2016:23:31:39 +0000] "GET /loggedin HTTP/1.1" 200 1576  2
0:0:0:0:0:0:0:1 -  -  [31/Aug/2016:23:31:42 +0000] "POST /loggedin HTTP/1.1" 302 0  4
0:0:0:0:0:0:0:1 -  -  [31/Aug/2016:23:31:42 +0000] "GET /loggedin HTTP/1.1" 200 1581  4
