0:0:0:0:0:0:0:1 -  -  [02/Sep/2016:21:10:00 +0000] "GET / HTTP/1.1" 500 6389  1827
0:0:0:0:0:0:0:1 -  -  [02/Sep/2016:21:10:02 +0000] "GET /favicon.ico HTTP/1.1" 404 1376  3
0:0:0:0:0:0:0:1 -  -  [02/Sep/2016:21:10:26 +0000] "GET / HTTP/1.1" 200 1470  2589
0:0:0:0:0:0:0:1 -  -  [02/Sep/2016:21:20:53 +0000] "GET /gitkit HTTP/1.1" 200 925  868
0:0:0:0:0:0:0:1 -  -  [02/Sep/2016:21:21:17 +0000] "GET /gitkit HTTP/1.1" 200 925  3
0:0:0:0:0:0:0:1 -  -  [02/Sep/2016:21:21:18 +0000] "GET /loggedin HTTP/1.1" 200 1608  291
0:0:0:0:0:0:0:1 -  -  [02/Sep/2016:21:22:14 +0000] "GET /loggedin HTTP/1.1" 200 1607  925
0:0:0:0:0:0:0:1 -  -  [02/Sep/2016:21:22:48 +0000] "GET / HTTP/1.1" 200 486  1571
0:0:0:0:0:0:0:1 -  -  [02/Sep/2016:21:23:05 +0000] "GET / HTTP/1.1" 200 486  26
0:0:0:0:0:0:0:1 -  -  [02/Sep/2016:21:23:25 +0000] "GET / HTTP/1.1" 200 486  1196
0:0:0:0:0:0:0:1 -  -  [02/Sep/2016:21:23:27 +0000] "GET /gitkit?mode=select HTTP/1.1" 200 925  152
0:0:0:0:0:0:0:1 -  -  [02/Sep/2016:21:23:30 +0000] "GET /gitkit?mode=select HTTP/1.1" 200 925  7
0:0:0:0:0:0:0:1 -  -  [02/Sep/2016:21:23:31 +0000] "GET /gitkit HTTP/1.1" 200 925  1
0:0:0:0:0:0:0:1 -  -  [02/Sep/2016:21:23:32 +0000] "GET /loggedin HTTP/1.1" 200 1607  227
0:0:0:0:0:0:0:1 -  -  [02/Sep/2016:21:23:36 +0000] "GET / HTTP/1.1" 200 1470  451
0:0:0:0:0:0:0:1 -  -  [02/Sep/2016:21:24:19 +0000] "GET / HTTP/1.1" 200 1548  1787
0:0:0:0:0:0:0:1 -  -  [02/Sep/2016:21:25:41 +0000] "GET /index HTTP/1.1" 404 1370  8
0:0:0:0:0:0:0:1 -  -  [02/Sep/2016:21:26:03 +0000] "GET /index.jsp HTTP/1.1" 404 1374  16
0:0:0:0:0:0:0:1 -  -  [02/Sep/2016:21:26:06 +0000] "GET /index HTTP/1.1" 404 1370  7
0:0:0:0:0:0:0:1 -  -  [02/Sep/2016:21:26:06 +0000] "GET / HTTP/1.1" 200 1548  431
