0:0:0:0:0:0:0:1 -  -  [03/Sep/2016:17:11:08 +0000] "GET / HTTP/1.1" 200 1612  7704
0:0:0:0:0:0:0:1 -  -  [03/Sep/2016:17:11:19 +0000] "GET /index.html HTTP/1.1" 404 1375  60
0:0:0:0:0:0:0:1 -  -  [03/Sep/2016:17:11:21 +0000] "GET / HTTP/1.1" 200 1612  166
0:0:0:0:0:0:0:1 -  -  [03/Sep/2016:17:11:43 +0000] "GET / HTTP/1.1" 200 1619  1247
0:0:0:0:0:0:0:1 -  -  [03/Sep/2016:17:11:46 +0000] "GET /gitkit-widget.jsp HTTP/1.1" 404 1382  1
0:0:0:0:0:0:0:1 -  -  [03/Sep/2016:17:11:47 +0000] "GET / HTTP/1.1" 200 1619  101
0:0:0:0:0:0:0:1 -  -  [03/Sep/2016:17:11:58 +0000] "GET / HTTP/1.1" 200 1608  4623
0:0:0:0:0:0:0:1 -  -  [03/Sep/2016:17:12:03 +0000] "GET /gitkit HTTP/1.1" 200 925  1447
0:0:0:0:0:0:0:1 -  -  [03/Sep/2016:17:12:15 +0000] "GET /gitkit HTTP/1.1" 200 925  23
0:0:0:0:0:0:0:1 -  -  [03/Sep/2016:17:12:16 +0000] "GET /loggedin HTTP/1.1" 200 1668  407
0:0:0:0:0:0:0:1 -  -  [03/Sep/2016:17:12:18 +0000] "GET /gitkit HTTP/1.1" 200 925  4
0:0:0:0:0:0:0:1 -  -  [03/Sep/2016:17:12:31 +0000] "GET /loggedin HTTP/1.1" 200 1667  443
0:0:0:0:0:0:0:1 -  -  [03/Sep/2016:17:12:34 +0000] "GET /loggedin HTTP/1.1" 200 1667  4
0:0:0:0:0:0:0:1 -  -  [03/Sep/2016:17:12:37 +0000] "GET /index HTTP/1.1" 404 1370  5
0:0:0:0:0:0:0:1 -  -  [03/Sep/2016:17:12:44 +0000] "GET /index HTTP/1.1" 404 1370  1
0:0:0:0:0:0:0:1 -  -  [03/Sep/2016:17:12:45 +0000] "GET /loggedin HTTP/1.1" 200 1670  268
0:0:0:0:0:0:0:1 -  -  [03/Sep/2016:17:12:47 +0000] "GET /loggedin HTTP/1.1" 200 1671  36
0:0:0:0:0:0:0:1 -  -  [03/Sep/2016:17:12:48 +0000] "GET /index.jsp HTTP/1.1" 404 1374  1
0:0:0:0:0:0:0:1 -  -  [03/Sep/2016:17:13:03 +0000] "GET /index.jsp HTTP/1.1" 404 1374  3
0:0:0:0:0:0:0:1 -  -  [03/Sep/2016:17:13:04 +0000] "GET /loggedin HTTP/1.1" 200 1662  278
0:0:0:0:0:0:0:1 -  -  [03/Sep/2016:17:13:06 +0000] "GET /loggedin HTTP/1.1" 200 1661  5
0:0:0:0:0:0:0:1 -  -  [03/Sep/2016:17:13:07 +0000] "GET /loggedin HTTP/1.1" 200 1660  38
0:0:0:0:0:0:0:1 -  -  [03/Sep/2016:17:13:08 +0000] "GET /loggedin HTTP/1.1" 200 1662  35
0:0:0:0:0:0:0:1 -  -  [03/Sep/2016:17:13:08 +0000] "GET /loggedin HTTP/1.1" 200 1661  2
0:0:0:0:0:0:0:1 -  -  [03/Sep/2016:17:13:09 +0000] "GET /loggedin HTTP/1.1" 200 1661  4
0:0:0:0:0:0:0:1 -  -  [03/Sep/2016:17:13:09 +0000] "GET /loggedin HTTP/1.1" 200 1662  5
0:0:0:0:0:0:0:1 -  -  [03/Sep/2016:17:13:09 +0000] "GET /loggedin HTTP/1.1" 200 1662  4
0:0:0:0:0:0:0:1 -  -  [03/Sep/2016:17:13:09 +0000] "GET /loggedin HTTP/1.1" 200 1661  4
0:0:0:0:0:0:0:1 -  -  [03/Sep/2016:17:13:28 +0000] "GET /loggedin HTTP/1.1" 200 1663  641
0:0:0:0:0:0:0:1 -  -  [03/Sep/2016:17:13:30 +0000] "GET / HTTP/1.1" 200 1603  227
0:0:0:0:0:0:0:1 -  -  [03/Sep/2016:17:14:17 +0000] "GET / HTTP/1.1" 200 1603  128
0:0:0:0:0:0:0:1 -  -  [03/Sep/2016:17:14:19 +0000] "GET / HTTP/1.1" 200 1603  53
0:0:0:0:0:0:0:1 -  -  [03/Sep/2016:17:14:29 +0000] "GET / HTTP/1.1" 200 1609  344
0:0:0:0:0:0:0:1 -  -  [03/Sep/2016:17:14:31 +0000] "GET /welcome HTTP/1.1" 404 1372  2
0:0:0:0:0:0:0:1 -  -  [03/Sep/2016:17:14:37 +0000] "GET /welcome HTTP/1.1" 404 1372  3
0:0:0:0:0:0:0:1 -  -  [03/Sep/2016:17:14:38 +0000] "GET / HTTP/1.1" 200 1613  293
0:0:0:0:0:0:0:1 -  -  [03/Sep/2016:17:14:40 +0000] "GET /welcome.jsp HTTP/1.1" 404 1376  2
0:0:0:0:0:0:0:1 -  -  [03/Sep/2016:17:14:42 +0000] "GET / HTTP/1.1" 200 1613  68
0:0:0:0:0:0:0:1 -  -  [03/Sep/2016:17:14:43 +0000] "GET /loggedin HTTP/1.1" 200 1672  4
0:0:0:0:0:0:0:1 -  -  [03/Sep/2016:17:15:03 +0000] "GET /loggedin HTTP/1.1" 200 1667  191
0:0:0:0:0:0:0:1 -  -  [03/Sep/2016:17:15:04 +0000] "GET /login HTTP/1.1" 200 289  208
0:0:0:0:0:0:0:1 -  -  [03/Sep/2016:17:15:37 +0000] "GET /login HTTP/1.1" 200 289  83
0:0:0:0:0:0:0:1 -  -  [03/Sep/2016:17:15:40 +0000] "GET / HTTP/1.1" 200 1607  204
0:0:0:0:0:0:0:1 -  -  [03/Sep/2016:17:15:41 +0000] "GET /login HTTP/1.1" 200 289  2
0:0:0:0:0:0:0:1 -  -  [03/Sep/2016:17:15:49 +0000] "GET /login HTTP/1.1" 200 289  3
0:0:0:0:0:0:0:1 -  -  [03/Sep/2016:17:15:53 +0000] "GET / HTTP/1.1" 200 1607  120
0:0:0:0:0:0:0:1 -  -  [03/Sep/2016:17:15:54 +0000] "GET /login HTTP/1.1" 200 289  4
0:0:0:0:0:0:0:1 -  -  [03/Sep/2016:17:15:59 +0000] "GET / HTTP/1.1" 200 1607  182
0:0:0:0:0:0:0:1 -  -  [03/Sep/2016:17:16:05 +0000] "GET / HTTP/1.1" 200 1607  139
0:0:0:0:0:0:0:1 -  -  [03/Sep/2016:17:16:22 +0000] "GET / HTTP/1.1" 200 1607  127
0:0:0:0:0:0:0:1 -  -  [03/Sep/2016:17:16:33 +0000] "GET /login HTTP/1.1" 200 289  6
0:0:0:0:0:0:0:1 -  -  [03/Sep/2016:17:16:43 +0000] "GET /login HTTP/1.1" 200 289  6
0:0:0:0:0:0:0:1 -  -  [03/Sep/2016:17:16:44 +0000] "GET / HTTP/1.1" 200 1607  152
0:0:0:0:0:0:0:1 -  -  [03/Sep/2016:17:19:06 +0000] "GET / HTTP/1.1" 200 1603  255
0:0:0:0:0:0:0:1 -  -  [03/Sep/2016:17:19:08 +0000] "GET /index HTTP/1.1" 404 1370  3
0:0:0:0:0:0:0:1 -  -  [03/Sep/2016:17:19:18 +0000] "GET /index HTTP/1.1" 404 1370  2
0:0:0:0:0:0:0:1 -  -  [03/Sep/2016:17:19:20 +0000] "GET / HTTP/1.1" 200 1604  247
0:0:0:0:0:0:0:1 -  -  [03/Sep/2016:17:19:21 +0000] "GET /index HTTP/1.1" 404 1370  2
0:0:0:0:0:0:0:1 -  -  [03/Sep/2016:17:19:22 +0000] "GET / HTTP/1.1" 200 1604  52
0:0:0:0:0:0:0:1 -  -  [03/Sep/2016:17:19:29 +0000] "GET / HTTP/1.1" 200 1608  234
0:0:0:0:0:0:0:1 -  -  [03/Sep/2016:17:19:31 +0000] "GET /index.jsp HTTP/1.1" 404 1374  4
0:0:0:0:0:0:0:1 -  -  [03/Sep/2016:17:19:38 +0000] "GET / HTTP/1.1" 200 1607  181
0:0:0:0:0:0:0:1 -  -  [03/Sep/2016:17:19:38 +0000] "GET / HTTP/1.1" 200 1607  544
0:0:0:0:0:0:0:1 -  -  [03/Sep/2016:17:19:38 +0000] "GET / HTTP/1.1" 200 1607  238
0:0:0:0:0:0:0:1 -  -  [03/Sep/2016:17:19:50 +0000] "GET / HTTP/1.1" 200 1606  244
0:0:0:0:0:0:0:1 -  -  [03/Sep/2016:17:19:51 +0000] "GET /loggedin HTTP/1.1" 200 1666  6
0:0:0:0:0:0:0:1 -  -  [03/Sep/2016:17:19:52 +0000] "GET /loggedin HTTP/1.1" 200 1665  3
0:0:0:0:0:0:0:1 -  -  [03/Sep/2016:17:19:52 +0000] "GET /loggedin HTTP/1.1" 200 1665  4
0:0:0:0:0:0:0:1 -  -  [03/Sep/2016:17:19:53 +0000] "GET /loggedin HTTP/1.1" 200 1666  2
0:0:0:0:0:0:0:1 -  -  [03/Sep/2016:17:20:03 +0000] "GET /loggedin HTTP/1.1" 200 1657  110
0:0:0:0:0:0:0:1 -  -  [03/Sep/2016:17:20:04 +0000] "GET / HTTP/1.1" 200 1598  128
0:0:0:0:0:0:0:1 -  -  [03/Sep/2016:17:20:05 +0000] "GET / HTTP/1.1" 200 1598  72
0:0:0:0:0:0:0:1 -  -  [03/Sep/2016:17:25:29 +0000] "GET / HTTP/1.1" 200 1697  389
0:0:0:0:0:0:0:1 -  -  [03/Sep/2016:17:25:31 +0000] "GET /createAccount.jsp? HTTP/1.1" 404 1382  3
0:0:0:0:0:0:0:1 -  -  [03/Sep/2016:17:25:42 +0000] "GET / HTTP/1.1" 200 1689  278
0:0:0:0:0:0:0:1 -  -  [03/Sep/2016:17:25:43 +0000] "GET /index.jsp? HTTP/1.1" 404 1374  4
0:0:0:0:0:0:0:1 -  -  [03/Sep/2016:17:26:23 +0000] "GET / HTTP/1.1" 200 1632  346
0:0:0:0:0:0:0:1 -  -  [03/Sep/2016:17:26:25 +0000] "GET /index.jsp HTTP/1.1" 404 1374  3
0:0:0:0:0:0:0:1 -  -  [03/Sep/2016:17:26:28 +0000] "GET / HTTP/1.1" 200 1632  48
0:0:0:0:0:0:0:1 -  -  [03/Sep/2016:17:26:36 +0000] "GET / HTTP/1.1" 200 1628  305
0:0:0:0:0:0:0:1 -  -  [03/Sep/2016:17:26:37 +0000] "GET /index HTTP/1.1" 404 1370  5
0:0:0:0:0:0:0:1 -  -  [03/Sep/2016:17:26:38 +0000] "GET / HTTP/1.1" 200 1628  54
0:0:0:0:0:0:0:1 -  -  [03/Sep/2016:17:27:41 +0000] "GET / HTTP/1.1" 200 1614  454
0:0:0:0:0:0:0:1 -  -  [03/Sep/2016:17:27:42 +0000] "GET /views/index.jsp HTTP/1.1" 404 1380  4
0:0:0:0:0:0:0:1 -  -  [03/Sep/2016:17:28:21 +0000] "GET / HTTP/1.1" 200 1621  252
0:0:0:0:0:0:0:1 -  -  [03/Sep/2016:17:28:22 +0000] "GET /WEB-INF/views/index.jsp HTTP/1.1" 404 1388  3
0:0:0:0:0:0:0:1 -  -  [03/Sep/2016:17:30:07 +0000] "GET / HTTP/1.1" 200 1607  307
0:0:0:0:0:0:0:1 -  -  [03/Sep/2016:17:30:08 +0000] "GET /127.0.0.1 HTTP/1.1" 404 1374  2
0:0:0:0:0:0:0:1 -  -  [03/Sep/2016:17:30:24 +0000] "GET / HTTP/1.1" 200 1610  189
0:0:0:0:0:0:0:1 -  -  [03/Sep/2016:17:30:29 +0000] "GET / HTTP/1.1" 200 1610  49
0:0:0:0:0:0:0:1 -  -  [03/Sep/2016:17:30:40 +0000] "GET / HTTP/1.1" 200 1620  301
0:0:0:0:0:0:0:1 -  -  [03/Sep/2016:17:31:02 +0000] "GET / HTTP/1.1" 200 1620  152
0:0:0:0:0:0:0:1 -  -  [03/Sep/2016:17:31:50 +0000] "GET / HTTP/1.1" 200 1620  229
0:0:0:0:0:0:0:1 -  -  [03/Sep/2016:17:31:53 +0000] "GET / HTTP/1.1" 200 1620  52
0:0:0:0:0:0:0:1 -  -  [03/Sep/2016:17:32:33 +0000] "GET / HTTP/1.1" 200 1620  123
0:0:0:0:0:0:0:1 -  -  [03/Sep/2016:17:32:47 +0000] "GET / HTTP/1.1" 200 1620  373
0:0:0:0:0:0:0:1 -  -  [03/Sep/2016:17:33:11 +0000] "GET / HTTP/1.1" 200 537  2007
0:0:0:0:0:0:0:1 -  -  [03/Sep/2016:17:33:32 +0000] "GET / HTTP/1.1" 200 537  25
0:0:0:0:0:0:0:1 -  -  [03/Sep/2016:17:33:35 +0000] "GET /gitkit?mode=select HTTP/1.1" 200 925  170
0:0:0:0:0:0:0:1 -  -  [03/Sep/2016:17:33:39 +0000] "GET /gitkit?mode=select HTTP/1.1" 200 925  4
0:0:0:0:0:0:0:1 -  -  [03/Sep/2016:17:33:41 +0000] "GET /gitkit HTTP/1.1" 200 925  3
0:0:0:0:0:0:0:1 -  -  [03/Sep/2016:17:33:42 +0000] "GET /loggedin HTTP/1.1" 200 1658  331
0:0:0:0:0:0:0:1 -  -  [03/Sep/2016:17:33:53 +0000] "POST /loggedin HTTP/1.1" 302 0  63
0:0:0:0:0:0:0:1 -  -  [03/Sep/2016:17:33:53 +0000] "GET /loggedin?string=&email= HTTP/1.1" 200 1658  4
0:0:0:0:0:0:0:1 -  -  [03/Sep/2016:17:37:53 +0000] "GET / HTTP/1.1" 200 537  501
0:0:0:0:0:0:0:1 -  -  [03/Sep/2016:17:37:56 +0000] "GET / HTTP/1.1" 200 537  10
0:0:0:0:0:0:0:1 -  -  [03/Sep/2016:17:37:57 +0000] "GET /gitkit?mode=select HTTP/1.1" 200 925  5
0:0:0:0:0:0:0:1 -  -  [03/Sep/2016:17:37:58 +0000] "GET /gitkit?mode=select HTTP/1.1" 200 925  1
0:0:0:0:0:0:0:1 -  -  [03/Sep/2016:17:37:59 +0000] "GET /gitkit HTTP/1.1" 200 925  1
0:0:0:0:0:0:0:1 -  -  [03/Sep/2016:17:38:00 +0000] "GET /loggedin HTTP/1.1" 200 1658  486
0:0:0:0:0:0:0:1 -  -  [03/Sep/2016:17:38:04 +0000] "POST /loggedin HTTP/1.1" 302 0  7
0:0:0:0:0:0:0:1 -  -  [03/Sep/2016:17:38:04 +0000] "GET /loggedin?string=&email= HTTP/1.1" 200 1663  11
127.0.0.1 -  -  [03/Sep/2016:17:39:00 +0000] "GET / HTTP/1.1" 200 537  1797
127.0.0.1 -  -  [03/Sep/2016:17:39:04 +0000] "GET / HTTP/1.1" 200 537  39
127.0.0.1 -  -  [03/Sep/2016:17:39:05 +0000] "GET /gitkit?mode=select HTTP/1.1" 200 925  176
127.0.0.1 -  -  [03/Sep/2016:17:39:07 +0000] "GET /gitkit?mode=select HTTP/1.1" 200 925  3
127.0.0.1 -  -  [03/Sep/2016:17:39:08 +0000] "GET /gitkit HTTP/1.1" 200 925  1
127.0.0.1 -  -  [03/Sep/2016:17:39:09 +0000] "GET /loggedin HTTP/1.1" 200 1658  267
127.0.0.1 -  -  [03/Sep/2016:17:39:13 +0000] "POST /loggedin HTTP/1.1" 302 0  34
127.0.0.1 -  -  [03/Sep/2016:17:39:13 +0000] "GET /loggedin?string=&email= HTTP/1.1" 200 1661  5
127.0.0.1 -  -  [03/Sep/2016:17:39:15 +0000] "POST /loggedin HTTP/1.1" 302 0  5
127.0.0.1 -  -  [03/Sep/2016:17:39:15 +0000] "GET /loggedin?string=&email= HTTP/1.1" 200 1662  8
127.0.0.1 -  -  [03/Sep/2016:17:39:16 +0000] "POST /loggedin HTTP/1.1" 302 0  5
127.0.0.1 -  -  [03/Sep/2016:17:39:16 +0000] "GET /loggedin?string=&email= HTTP/1.1" 200 1664  7
0:0:0:0:0:0:0:1 -  -  [03/Sep/2016:17:39:41 +0000] "GET / HTTP/1.1" 200 537  1666
0:0:0:0:0:0:0:1 -  -  [03/Sep/2016:17:39:45 +0000] "GET / HTTP/1.1" 200 537  45
0:0:0:0:0:0:0:1 -  -  [03/Sep/2016:17:39:46 +0000] "GET /gitkit?mode=select HTTP/1.1" 200 925  117
0:0:0:0:0:0:0:1 -  -  [03/Sep/2016:17:39:48 +0000] "GET /gitkit?mode=select HTTP/1.1" 200 925  3
0:0:0:0:0:0:0:1 -  -  [03/Sep/2016:17:39:49 +0000] "GET /gitkit HTTP/1.1" 200 925  1
0:0:0:0:0:0:0:1 -  -  [03/Sep/2016:17:39:50 +0000] "GET /loggedin HTTP/1.1" 200 1658  299
0:0:0:0:0:0:0:1 -  -  [03/Sep/2016:17:40:25 +0000] "GET / HTTP/1.1" 200 537  1852
0:0:0:0:0:0:0:1 -  -  [03/Sep/2016:17:40:29 +0000] "GET / HTTP/1.1" 200 537  27
0:0:0:0:0:0:0:1 -  -  [03/Sep/2016:17:40:30 +0000] "GET /gitkit?mode=select HTTP/1.1" 200 925  152
0:0:0:0:0:0:0:1 -  -  [03/Sep/2016:17:40:32 +0000] "GET /gitkit?mode=select HTTP/1.1" 200 925  1
0:0:0:0:0:0:0:1 -  -  [03/Sep/2016:17:40:33 +0000] "GET /gitkit HTTP/1.1" 200 925  2
0:0:0:0:0:0:0:1 -  -  [03/Sep/2016:17:40:33 +0000] "GET /loggedin HTTP/1.1" 200 1658  261
0:0:0:0:0:0:0:1 -  -  [03/Sep/2016:17:41:24 +0000] "GET /loggedin HTTP/1.1" 200 1616  866
0:0:0:0:0:0:0:1 -  -  [03/Sep/2016:17:41:27 +0000] "GET / HTTP/1.1" 200 537  1072
0:0:0:0:0:0:0:1 -  -  [03/Sep/2016:17:41:30 +0000] "GET / HTTP/1.1" 200 537  24
0:0:0:0:0:0:0:1 -  -  [03/Sep/2016:17:41:32 +0000] "GET /gitkit?mode=select HTTP/1.1" 200 925  173
0:0:0:0:0:0:0:1 -  -  [03/Sep/2016:17:41:33 +0000] "GET /gitkit?mode=select HTTP/1.1" 200 925  2
0:0:0:0:0:0:0:1 -  -  [03/Sep/2016:17:41:35 +0000] "GET /gitkit HTTP/1.1" 200 925  1
0:0:0:0:0:0:0:1 -  -  [03/Sep/2016:17:41:35 +0000] "GET /loggedin HTTP/1.1" 200 1615  4
0:0:0:0:0:0:0:1 -  -  [03/Sep/2016:17:41:38 +0000] "POST /loggedin HTTP/1.1" 302 0  29
0:0:0:0:0:0:0:1 -  -  [03/Sep/2016:17:41:38 +0000] "GET /loggedin?string=&email= HTTP/1.1" 200 1624  2
0:0:0:0:0:0:0:1 -  -  [03/Sep/2016:17:42:03 +0000] "GET / HTTP/1.1" 200 537  158
0:0:0:0:0:0:0:1 -  -  [03/Sep/2016:17:42:24 +0000] "GET / HTTP/1.1" 200 537  1633
0:0:0:0:0:0:0:1 -  -  [03/Sep/2016:17:42:26 +0000] "GET /gitkit?mode=select HTTP/1.1" 200 925  148
0:0:0:0:0:0:0:1 -  -  [03/Sep/2016:17:42:28 +0000] "GET /gitkit?mode=select HTTP/1.1" 200 925  3
0:0:0:0:0:0:0:1 -  -  [03/Sep/2016:17:42:29 +0000] "GET /gitkit HTTP/1.1" 200 925  1
0:0:0:0:0:0:0:1 -  -  [03/Sep/2016:17:42:30 +0000] "GET /loggedin HTTP/1.1" 200 1616  338
0:0:0:0:0:0:0:1 -  -  [03/Sep/2016:17:43:02 +0000] "GET /loggedin HTTP/1.1" 200 1616  1126
0:0:0:0:0:0:0:1 -  -  [03/Sep/2016:17:43:04 +0000] "GET / HTTP/1.1" 200 1556  1346
0:0:0:0:0:0:0:1 -  -  [03/Sep/2016:17:43:39 +0000] "GET / HTTP/1.1" 404 1383  743
0:0:0:0:0:0:0:1 -  -  [03/Sep/2016:17:43:45 +0000] "GET / HTTP/1.1" 404 1383  155
0:0:0:0:0:0:0:1 -  -  [03/Sep/2016:17:44:13 +0000] "GET / HTTP/1.1" 404 1383  813
0:0:0:0:0:0:0:1 -  -  [03/Sep/2016:17:44:15 +0000] "GET / HTTP/1.1" 404 1383  64
0:0:0:0:0:0:0:1 -  -  [03/Sep/2016:17:52:21 +0000] "GET / HTTP/1.1" 200 537  2041
0:0:0:0:0:0:0:1 -  -  [03/Sep/2016:17:59:55 +0000] "GET / HTTP/1.1" 200 537  1945
0:0:0:0:0:0:0:1 -  -  [03/Sep/2016:18:00:02 +0000] "GET / HTTP/1.1" 200 537  24
0:0:0:0:0:0:0:1 -  -  [03/Sep/2016:18:00:03 +0000] "GET /gitkit?mode=select HTTP/1.1" 200 925  129
0:0:0:0:0:0:0:1 -  -  [03/Sep/2016:18:00:05 +0000] "GET /gitkit?mode=select HTTP/1.1" 200 925  4
0:0:0:0:0:0:0:1 -  -  [03/Sep/2016:18:00:07 +0000] "GET /gitkit HTTP/1.1" 200 925  2
0:0:0:0:0:0:0:1 -  -  [03/Sep/2016:18:00:07 +0000] "GET /loggedin HTTP/1.1" 200 1616  531
0:0:0:0:0:0:0:1 -  -  [03/Sep/2016:18:00:11 +0000] "GET /loggedin HTTP/1.1" 200 1613  6
0:0:0:0:0:0:0:1 -  -  [03/Sep/2016:18:00:16 +0000] "POST /loggedin HTTP/1.1" 302 0  28
0:0:0:0:0:0:0:1 -  -  [03/Sep/2016:18:00:16 +0000] "GET /loggedin?string=&email= HTTP/1.1" 200 1616  2
0:0:0:0:0:0:0:1 -  -  [03/Sep/2016:18:00:18 +0000] "POST /loggedin HTTP/1.1" 302 0  9
0:0:0:0:0:0:0:1 -  -  [03/Sep/2016:18:00:18 +0000] "GET /loggedin?string=&email= HTTP/1.1" 200 1616  5
0:0:0:0:0:0:0:1 -  -  [03/Sep/2016:18:00:40 +0000] "GET / HTTP/1.1" 200 537  216
0:0:0:0:0:0:0:1 -  -  [03/Sep/2016:18:00:42 +0000] "GET / HTTP/1.1" 200 537  13
0:0:0:0:0:0:0:1 -  -  [03/Sep/2016:18:00:46 +0000] "GET /gitkit?mode=select HTTP/1.1" 200 925  2
0:0:0:0:0:0:0:1 -  -  [03/Sep/2016:18:00:48 +0000] "GET /gitkit?mode=select HTTP/1.1" 200 925  3
0:0:0:0:0:0:0:1 -  -  [03/Sep/2016:18:00:49 +0000] "GET /gitkit HTTP/1.1" 200 925  1
0:0:0:0:0:0:0:1 -  -  [03/Sep/2016:18:00:50 +0000] "GET /loggedin HTTP/1.1" 200 1616  4
0:0:0:0:0:0:0:1 -  -  [03/Sep/2016:18:00:52 +0000] "GET / HTTP/1.1" 200 537  143
0:0:0:0:0:0:0:1 -  -  [03/Sep/2016:18:00:56 +0000] "GET / HTTP/1.1" 200 537  12
0:0:0:0:0:0:0:1 -  -  [03/Sep/2016:18:00:57 +0000] "GET /gitkit?mode=select HTTP/1.1" 200 925  4
0:0:0:0:0:0:0:1 -  -  [03/Sep/2016:18:01:12 +0000] "GET /gitkit?mode=select HTTP/1.1" 200 925  2
0:0:0:0:0:0:0:1 -  -  [03/Sep/2016:18:01:13 +0000] "GET /gitkit HTTP/1.1" 200 925  1
0:0:0:0:0:0:0:1 -  -  [03/Sep/2016:18:01:13 +0000] "GET /loggedin HTTP/1.1" 200 1616  3
0:0:0:0:0:0:0:1 -  -  [03/Sep/2016:18:03:52 +0000] "GET / HTTP/1.1" 200 537  1841
0:0:0:0:0:0:0:1 -  -  [03/Sep/2016:18:03:58 +0000] "GET / HTTP/1.1" 200 537  39
0:0:0:0:0:0:0:1 -  -  [03/Sep/2016:18:03:59 +0000] "GET /gitkit?mode=select HTTP/1.1" 200 925  144
0:0:0:0:0:0:0:1 -  -  [03/Sep/2016:18:04:01 +0000] "GET /gitkit?mode=select HTTP/1.1" 200 925  4
0:0:0:0:0:0:0:1 -  -  [03/Sep/2016:18:04:02 +0000] "GET /gitkit HTTP/1.1" 200 925  1
0:0:0:0:0:0:0:1 -  -  [03/Sep/2016:18:04:02 +0000] "GET /loggedin HTTP/1.1" 200 1616  247
0:0:0:0:0:0:0:1 -  -  [03/Sep/2016:18:04:06 +0000] "GET /loggedin HTTP/1.1" 200 1616  3
0:0:0:0:0:0:0:1 -  -  [03/Sep/2016:18:04:34 +0000] "GET /loggedin HTTP/1.1" 200 1606  484
0:0:0:0:0:0:0:1 -  -  [03/Sep/2016:18:05:35 +0000] "GET /loggedin HTTP/1.1" 200 1606  216
0:0:0:0:0:0:0:1 -  -  [03/Sep/2016:18:07:21 +0000] "GET / HTTP/1.1" 200 537  1850
0:0:0:0:0:0:0:1 -  -  [03/Sep/2016:18:07:25 +0000] "GET / HTTP/1.1" 200 537  41
0:0:0:0:0:0:0:1 -  -  [03/Sep/2016:18:07:27 +0000] "GET /gitkit?mode=select HTTP/1.1" 200 925  136
0:0:0:0:0:0:0:1 -  -  [03/Sep/2016:18:07:28 +0000] "GET /gitkit?mode=select HTTP/1.1" 200 925  5
0:0:0:0:0:0:0:1 -  -  [03/Sep/2016:18:07:30 +0000] "GET /gitkit HTTP/1.1" 200 925  1
0:0:0:0:0:0:0:1 -  -  [03/Sep/2016:18:07:30 +0000] "GET /loggedin HTTP/1.1" 200 1606  330
0:0:0:0:0:0:0:1 -  -  [03/Sep/2016:18:08:03 +0000] "GET / HTTP/1.1" 200 537  141
0:0:0:0:0:0:0:1 -  -  [03/Sep/2016:18:08:05 +0000] "GET / HTTP/1.1" 200 537  15
0:0:0:0:0:0:0:1 -  -  [03/Sep/2016:18:08:06 +0000] "GET /gitkit?mode=select HTTP/1.1" 200 925  3
0:0:0:0:0:0:0:1 -  -  [03/Sep/2016:18:08:08 +0000] "GET /gitkit?mode=select HTTP/1.1" 200 925  2
0:0:0:0:0:0:0:1 -  -  [03/Sep/2016:18:08:09 +0000] "GET /gitkit HTTP/1.1" 200 925  1
0:0:0:0:0:0:0:1 -  -  [03/Sep/2016:18:08:10 +0000] "GET /loggedin HTTP/1.1" 200 1606  4
0:0:0:0:0:0:0:1 -  -  [03/Sep/2016:18:08:12 +0000] "GET /loggedin HTTP/1.1" 200 1606  4
0:0:0:0:0:0:0:1 -  -  [03/Sep/2016:18:08:28 +0000] "GET /loggedin HTTP/1.1" 200 1606  280
0:0:0:0:0:0:0:1 -  -  [03/Sep/2016:18:08:32 +0000] "GET /loggedin HTTP/1.1" 200 1606  5
0:0:0:0:0:0:0:1 -  -  [03/Sep/2016:18:08:33 +0000] "GET / HTTP/1.1" 200 537  142
0:0:0:0:0:0:0:1 -  -  [03/Sep/2016:18:08:34 +0000] "GET / HTTP/1.1" 200 537  12
0:0:0:0:0:0:0:1 -  -  [03/Sep/2016:18:08:35 +0000] "GET /gitkit?mode=select HTTP/1.1" 200 925  2
0:0:0:0:0:0:0:1 -  -  [03/Sep/2016:18:08:37 +0000] "GET /gitkit?mode=select HTTP/1.1" 200 925  3
0:0:0:0:0:0:0:1 -  -  [03/Sep/2016:18:08:38 +0000] "GET /gitkit HTTP/1.1" 200 925  2
0:0:0:0:0:0:0:1 -  -  [03/Sep/2016:18:08:39 +0000] "GET /loggedin HTTP/1.1" 200 1606  5
0:0:0:0:0:0:0:1 -  -  [03/Sep/2016:18:08:40 +0000] "POST /loggedin HTTP/1.1" 302 0  34
0:0:0:0:0:0:0:1 -  -  [03/Sep/2016:18:08:40 +0000] "GET /loggedin?string=&email= HTTP/1.1" 200 1606  2
0:0:0:0:0:0:0:1 -  -  [03/Sep/2016:18:08:42 +0000] "GET /loggedin?string=&email= HTTP/1.1" 200 1605  3
0:0:0:0:0:0:0:1 -  -  [03/Sep/2016:18:09:05 +0000] "GET /loggedin?string=&email= HTTP/1.1" 200 1605  3
0:0:0:0:0:0:0:1 -  -  [03/Sep/2016:18:09:07 +0000] "GET / HTTP/1.1" 200 537  129
0:0:0:0:0:0:0:1 -  -  [03/Sep/2016:18:09:09 +0000] "GET / HTTP/1.1" 200 537  21
0:0:0:0:0:0:0:1 -  -  [03/Sep/2016:18:09:10 +0000] "GET /gitkit?mode=select HTTP/1.1" 200 925  2
0:0:0:0:0:0:0:1 -  -  [03/Sep/2016:18:09:12 +0000] "GET /gitkit?mode=select HTTP/1.1" 200 925  3
0:0:0:0:0:0:0:1 -  -  [03/Sep/2016:18:09:13 +0000] "GET /gitkit HTTP/1.1" 200 925  1
0:0:0:0:0:0:0:1 -  -  [03/Sep/2016:18:09:14 +0000] "GET /loggedin HTTP/1.1" 200 1606  3
127.0.0.1 -  -  [03/Sep/2016:18:09:33 +0000] "GET / HTTP/1.1" 200 1546  2550
127.0.0.1 -  -  [03/Sep/2016:18:11:36 +0000] "POST /loggedin HTTP/1.1" 302 0  33
127.0.0.1 -  -  [03/Sep/2016:18:11:36 +0000] "GET /loggedin?string=&email=postanskosanduce%40gmail.com HTTP/1.1" 200 1613  6
127.0.0.1 -  -  [03/Sep/2016:18:11:45 +0000] "POST /loggedin HTTP/1.1" 302 0  5
127.0.0.1 -  -  [03/Sep/2016:18:11:45 +0000] "GET /loggedin?string=&email= HTTP/1.1" 200 1606  8
127.0.0.1 -  -  [03/Sep/2016:18:11:45 +0000] "POST /loggedin HTTP/1.1" 302 0  4
127.0.0.1 -  -  [03/Sep/2016:18:11:45 +0000] "GET /loggedin?string=&email= HTTP/1.1" 200 1606  9
127.0.0.1 -  -  [03/Sep/2016:18:12:37 +0000] "GET /loggedin?string=&email= HTTP/1.1" 200 1606  4
0:0:0:0:0:0:0:1 -  -  [03/Sep/2016:18:21:22 +0000] "GET / HTTP/1.1" 200 1533  2195
0:0:0:0:0:0:0:1 -  -  [03/Sep/2016:18:21:31 +0000] "GET / HTTP/1.1" 200 1533  159
0:0:0:0:0:0:0:1 -  -  [03/Sep/2016:18:21:33 +0000] "GET / HTTP/1.1" 200 1533  60
0:0:0:0:0:0:0:1 -  -  [03/Sep/2016:18:21:41 +0000] "GET /index HTTP/1.1" 404 1370  7
0:0:0:0:0:0:0:1 -  -  [03/Sep/2016:18:21:46 +0000] "GET / HTTP/1.1" 200 1533  126
0:0:0:0:0:0:0:1 -  -  [03/Sep/2016:18:22:47 +0000] "POST /loggedin HTTP/1.1" 302 0  34
0:0:0:0:0:0:0:1 -  -  [03/Sep/2016:18:22:47 +0000] "GET /loggedin?string=&email=postanskosanduce%40gmail.com HTTP/1.1" 200 1598  8
0:0:0:0:0:0:0:1 -  -  [03/Sep/2016:18:23:37 +0000] "POST /loggedin HTTP/1.1" 302 0  7
0:0:0:0:0:0:0:1 -  -  [03/Sep/2016:18:23:37 +0000] "GET /loggedin?string=&email= HTTP/1.1" 200 1593  5
0:0:0:0:0:0:0:1 -  -  [03/Sep/2016:18:24:22 +0000] "GET /loggedin?string=&email= HTTP/1.1" 200 1593  5
0:0:0:0:0:0:0:1 -  -  [03/Sep/2016:18:24:23 +0000] "GET / HTTP/1.1" 200 1533  207
0:0:0:0:0:0:0:1 -  -  [03/Sep/2016:18:24:38 +0000] "POST /loggedin HTTP/1.1" 302 0  7
0:0:0:0:0:0:0:1 -  -  [03/Sep/2016:18:24:38 +0000] "GET /loggedin?string=&email=postanskosanduce%40gmail.com HTTP/1.1" 200 1597  4
0:0:0:0:0:0:0:1 -  -  [03/Sep/2016:18:25:08 +0000] "GET /loggedin?string=&email=postanskosanduce%40gmail.com HTTP/1.1" 200 1596  3
0:0:0:0:0:0:0:1 -  -  [03/Sep/2016:18:25:12 +0000] "GET / HTTP/1.1" 200 1533  138
0:0:0:0:0:0:0:1 -  -  [03/Sep/2016:18:25:18 +0000] "POST /loggedin HTTP/1.1" 302 0  7
0:0:0:0:0:0:0:1 -  -  [03/Sep/2016:18:25:18 +0000] "GET /loggedin?string=&email=postanskosanduce%40gmail.com HTTP/1.1" 200 1597  4
0:0:0:0:0:0:0:1 -  -  [03/Sep/2016:18:25:32 +0000] "GET /loggedin?string=&email=postanskosanduce%40gmail.com HTTP/1.1" 200 1595  4
0:0:0:0:0:0:0:1 -  -  [03/Sep/2016:18:25:34 +0000] "GET / HTTP/1.1" 200 1533  152
0:0:0:0:0:0:0:1 -  -  [03/Sep/2016:18:25:37 +0000] "POST /loggedin HTTP/1.1" 302 0  2
0:0:0:0:0:0:0:1 -  -  [03/Sep/2016:18:25:37 +0000] "GET /loggedin?string=&email=postanskosanduce%40gmail.com HTTP/1.1" 200 1597  7
0:0:0:0:0:0:0:1 -  -  [03/Sep/2016:18:25:58 +0000] "GET /loggedin?string=&email=postanskosanduce%40gmail.com HTTP/1.1" 200 1597  4
0:0:0:0:0:0:0:1 -  -  [03/Sep/2016:18:26:00 +0000] "GET / HTTP/1.1" 200 1533  124
0:0:0:0:0:0:0:1 -  -  [03/Sep/2016:18:26:08 +0000] "POST /loggedin HTTP/1.1" 302 0  4
0:0:0:0:0:0:0:1 -  -  [03/Sep/2016:18:26:08 +0000] "GET /loggedin?string=&email=postanskosanduce%40gmail.com HTTP/1.1" 200 1597  10
0:0:0:0:0:0:0:1 -  -  [03/Sep/2016:18:26:10 +0000] "POST /loggedin HTTP/1.1" 302 0  4
0:0:0:0:0:0:0:1 -  -  [03/Sep/2016:18:26:10 +0000] "GET /loggedin?string=&email= HTTP/1.1" 200 1592  6
0:0:0:0:0:0:0:1 -  -  [03/Sep/2016:18:26:10 +0000] "POST /loggedin HTTP/1.1" 302 0  3
0:0:0:0:0:0:0:1 -  -  [03/Sep/2016:18:26:10 +0000] "GET /loggedin?string=&email= HTTP/1.1" 200 1593  5
0:0:0:0:0:0:0:1 -  -  [03/Sep/2016:18:26:16 +0000] "POST /loggedin HTTP/1.1" 302 0  5
0:0:0:0:0:0:0:1 -  -  [03/Sep/2016:18:26:16 +0000] "GET /loggedin?string=&email= HTTP/1.1" 200 1597  8
0:0:0:0:0:0:0:1 -  -  [03/Sep/2016:18:26:24 +0000] "GET /loggedin?string=&email= HTTP/1.1" 200 1598  3
0:0:0:0:0:0:0:1 -  -  [03/Sep/2016:18:26:25 +0000] "GET / HTTP/1.1" 200 1533  122
0:0:0:0:0:0:0:1 -  -  [03/Sep/2016:18:26:29 +0000] "POST /loggedin HTTP/1.1" 302 0  3
0:0:0:0:0:0:0:1 -  -  [03/Sep/2016:18:26:29 +0000] "GET /loggedin?string=&email=postanskosanduce%40gmail.com HTTP/1.1" 200 1596  8
0:0:0:0:0:0:0:1 -  -  [03/Sep/2016:18:38:39 +0000] "GET / HTTP/1.1" 200 1523  2101
0:0:0:0:0:0:0:1 -  -  [03/Sep/2016:18:38:48 +0000] "GET / HTTP/1.1" 200 1523  157
0:0:0:0:0:0:0:1 -  -  [03/Sep/2016:18:38:50 +0000] "GET / HTTP/1.1" 200 1523  64
0:0:0:0:0:0:0:1 -  -  [03/Sep/2016:18:39:49 +0000] "GET / HTTP/1.1" 200 1523  1965
0:0:0:0:0:0:0:1 -  -  [03/Sep/2016:18:40:00 +0000] "POST /loggedin HTTP/1.1" 302 0  40
0:0:0:0:0:0:0:1 -  -  [03/Sep/2016:18:40:00 +0000] "GET /loggedin?string=&email=postanskosanduce%40gmail.com HTTP/1.1" 200 1673  4
0:0:0:0:0:0:0:1 -  -  [03/Sep/2016:18:40:09 +0000] "POST /loggedin HTTP/1.1" 302 0  8
0:0:0:0:0:0:0:1 -  -  [03/Sep/2016:18:40:09 +0000] "GET /loggedin?string=&email=postanskosanduce%40gmail.com HTTP/1.1" 200 1660  5
0:0:0:0:0:0:0:1 -  -  [03/Sep/2016:18:40:29 +0000] "GET /loggedin?string=&email=postanskosanduce%40gmail.com HTTP/1.1" 200 1635  258
0:0:0:0:0:0:0:1 -  -  [03/Sep/2016:18:40:30 +0000] "POST /loggedin HTTP/1.1" 302 0  2
0:0:0:0:0:0:0:1 -  -  [03/Sep/2016:18:40:30 +0000] "GET /loggedin?string=&email=postanskosanduce%40gmail.com HTTP/1.1" 200 1635  10
0:0:0:0:0:0:0:1 -  -  [03/Sep/2016:18:40:31 +0000] "POST /loggedin HTTP/1.1" 302 0  3
0:0:0:0:0:0:0:1 -  -  [03/Sep/2016:18:40:31 +0000] "GET /loggedin?string=&email=postanskosanduce%40gmail.com HTTP/1.1" 200 1644  8
0:0:0:0:0:0:0:1 -  -  [03/Sep/2016:18:41:25 +0000] "GET /loggedin?string=&email=postanskosanduce%40gmail.com HTTP/1.1" 200 1663  249
0:0:0:0:0:0:0:1 -  -  [03/Sep/2016:18:41:27 +0000] "POST /loggedin HTTP/1.1" 302 0  5
0:0:0:0:0:0:0:1 -  -  [03/Sep/2016:18:41:27 +0000] "GET /loggedin?string=&email=postanskosanduce%40gmail.com HTTP/1.1" 200 1667  9
0:0:0:0:0:0:0:1 -  -  [03/Sep/2016:18:42:58 +0000] "GET / HTTP/1.1" 200 1504  2212
0:0:0:0:0:0:0:1 -  -  [03/Sep/2016:18:43:11 +0000] "POST /loggedin HTTP/1.1" 302 0  36
0:0:0:0:0:0:0:1 -  -  [03/Sep/2016:18:43:11 +0000] "GET /loggedin?string=&email=postanskosanduce%40gmail.com HTTP/1.1" 200 1648  3
0:0:0:0:0:0:0:1 -  -  [03/Sep/2016:18:43:34 +0000] "GET /loggedin?string=&email=postanskosanduce%40gmail.com HTTP/1.1" 200 1652  222
0:0:0:0:0:0:0:1 -  -  [03/Sep/2016:18:43:39 +0000] "POST /loggedin HTTP/1.1" 302 0  7
0:0:0:0:0:0:0:1 -  -  [03/Sep/2016:18:43:39 +0000] "GET /loggedin?string=&email=postanskosanduce%40gmail.com HTTP/1.1" 200 1644  10
0:0:0:0:0:0:0:1 -  -  [03/Sep/2016:18:43:40 +0000] "POST /loggedin HTTP/1.1" 302 0  5
0:0:0:0:0:0:0:1 -  -  [03/Sep/2016:18:43:40 +0000] "GET /loggedin?string=&email=postanskosanduce%40gmail.com HTTP/1.1" 200 1652  8
0:0:0:0:0:0:0:1 -  -  [03/Sep/2016:18:44:11 +0000] "GET /loggedin?string=&email=postanskosanduce%40gmail.com HTTP/1.1" 200 1653  3
0:0:0:0:0:0:0:1 -  -  [03/Sep/2016:18:44:12 +0000] "POST /loggedin HTTP/1.1" 302 0  5
0:0:0:0:0:0:0:1 -  -  [03/Sep/2016:18:44:12 +0000] "GET /loggedin?string=&email=postanskosanduce%40gmail.com HTTP/1.1" 200 1644  8
0:0:0:0:0:0:0:1 -  -  [03/Sep/2016:18:44:24 +0000] "POST /loggedin HTTP/1.1" 302 0  5
0:0:0:0:0:0:0:1 -  -  [03/Sep/2016:18:44:24 +0000] "GET /loggedin?string=&email=postanskosanduce%40gmail.com HTTP/1.1" 200 1644  8
0:0:0:0:0:0:0:1 -  -  [03/Sep/2016:18:44:26 +0000] "POST /loggedin HTTP/1.1" 302 0  3
0:0:0:0:0:0:0:1 -  -  [03/Sep/2016:18:44:26 +0000] "GET /loggedin?string=&email=postanskosanduce%40gmail.com HTTP/1.1" 200 1656  5
0:0:0:0:0:0:0:1 -  -  [03/Sep/2016:18:45:40 +0000] "GET /loggedin?string=&email=postanskosanduce%40gmail.com HTTP/1.1" 200 1695  247
0:0:0:0:0:0:0:1 -  -  [03/Sep/2016:18:45:41 +0000] "POST /loggedin HTTP/1.1" 302 0  4
0:0:0:0:0:0:0:1 -  -  [03/Sep/2016:18:45:41 +0000] "GET /loggedin?string=&email=postanskosanduce%40gmail.com HTTP/1.1" 200 1683  7
0:0:0:0:0:0:0:1 -  -  [03/Sep/2016:18:45:43 +0000] "POST /loggedin HTTP/1.1" 302 0  4
0:0:0:0:0:0:0:1 -  -  [03/Sep/2016:18:45:43 +0000] "GET /loggedin?string=&email=postanskosanduce%40gmail.com HTTP/1.1" 200 1682  2
0:0:0:0:0:0:0:1 -  -  [03/Sep/2016:18:45:58 +0000] "GET /loggedin?string=&email=postanskosanduce%40gmail.com HTTP/1.1" 200 1685  233
0:0:0:0:0:0:0:1 -  -  [03/Sep/2016:18:46:02 +0000] "POST /loggedin HTTP/1.1" 302 0  2
0:0:0:0:0:0:0:1 -  -  [03/Sep/2016:18:46:02 +0000] "GET /loggedin?string=&email=postanskosanduce%40gmail.com HTTP/1.1" 200 1687  6
0:0:0:0:0:0:0:1 -  -  [03/Sep/2016:18:46:03 +0000] "POST /loggedin HTTP/1.1" 302 0  2
0:0:0:0:0:0:0:1 -  -  [03/Sep/2016:18:46:03 +0000] "GET /loggedin?string=&email=postanskosanduce%40gmail.com HTTP/1.1" 200 1699  6
0:0:0:0:0:0:0:1 -  -  [03/Sep/2016:18:46:05 +0000] "POST /loggedin HTTP/1.1" 302 0  5
0:0:0:0:0:0:0:1 -  -  [03/Sep/2016:18:46:05 +0000] "GET /loggedin?string=&email=postanskosanduce%40gmail.com HTTP/1.1" 200 1686  7
0:0:0:0:0:0:0:1 -  -  [03/Sep/2016:18:46:06 +0000] "GET /loggedin?string=&email=postanskosanduce%40gmail.com HTTP/1.1" 200 1687  3
0:0:0:0:0:0:0:1 -  -  [03/Sep/2016:18:46:26 +0000] "GET /loggedin?string=&email=postanskosanduce%40gmail.com HTTP/1.1" 200 1671  233
0:0:0:0:0:0:0:1 -  -  [03/Sep/2016:18:46:28 +0000] "POST /loggedin HTTP/1.1" 302 0  4
0:0:0:0:0:0:0:1 -  -  [03/Sep/2016:18:46:28 +0000] "GET /loggedin?string=&email=postanskosanduce%40gmail.com HTTP/1.1" 200 1680  10
0:0:0:0:0:0:0:1 -  -  [03/Sep/2016:18:46:32 +0000] "POST /loggedin HTTP/1.1" 302 0  5
0:0:0:0:0:0:0:1 -  -  [03/Sep/2016:18:46:32 +0000] "GET /loggedin?string=&email=postanskosanduce%40gmail.com HTTP/1.1" 200 1680  6
0:0:0:0:0:0:0:1 -  -  [03/Sep/2016:18:46:32 +0000] "POST /loggedin HTTP/1.1" 302 0  6
0:0:0:0:0:0:0:1 -  -  [03/Sep/2016:18:46:32 +0000] "GET /loggedin?string=&email=postanskosanduce%40gmail.com HTTP/1.1" 200 1671  4
0:0:0:0:0:0:0:1 -  -  [03/Sep/2016:18:46:32 +0000] "POST /loggedin HTTP/1.1" 302 0  4
0:0:0:0:0:0:0:1 -  -  [03/Sep/2016:18:46:32 +0000] "GET /loggedin?string=&email=postanskosanduce%40gmail.com HTTP/1.1" 200 1670  5
0:0:0:0:0:0:0:1 -  -  [03/Sep/2016:18:46:33 +0000] "POST /loggedin HTTP/1.1" 302 0  6
0:0:0:0:0:0:0:1 -  -  [03/Sep/2016:18:46:33 +0000] "GET /loggedin?string=&email=postanskosanduce%40gmail.com HTTP/1.1" 200 1683  7
0:0:0:0:0:0:0:1 -  -  [03/Sep/2016:18:46:33 +0000] "POST /loggedin HTTP/1.1" 302 0  5
0:0:0:0:0:0:0:1 -  -  [03/Sep/2016:18:46:33 +0000] "GET /loggedin?string=&email=postanskosanduce%40gmail.com HTTP/1.1" 200 1671  4
0:0:0:0:0:0:0:1 -  -  [03/Sep/2016:18:46:34 +0000] "POST /loggedin HTTP/1.1" 302 0  3
0:0:0:0:0:0:0:1 -  -  [03/Sep/2016:18:46:34 +0000] "GET /loggedin?string=&email=postanskosanduce%40gmail.com HTTP/1.1" 200 1670  2
0:0:0:0:0:0:0:1 -  -  [03/Sep/2016:18:46:35 +0000] "POST /loggedin HTTP/1.1" 302 0  2
0:0:0:0:0:0:0:1 -  -  [03/Sep/2016:18:46:35 +0000] "GET /loggedin?string=&email=postanskosanduce%40gmail.com HTTP/1.1" 200 1670  5
0:0:0:0:0:0:0:1 -  -  [03/Sep/2016:18:46:35 +0000] "POST /loggedin HTTP/1.1" 302 0  3
0:0:0:0:0:0:0:1 -  -  [03/Sep/2016:18:46:35 +0000] "GET /loggedin?string=&email=postanskosanduce%40gmail.com HTTP/1.1" 200 1671  3
0:0:0:0:0:0:0:1 -  -  [03/Sep/2016:18:46:35 +0000] "POST /loggedin HTTP/1.1" 302 0  3
0:0:0:0:0:0:0:1 -  -  [03/Sep/2016:18:46:35 +0000] "GET /loggedin?string=&email=postanskosanduce%40gmail.com HTTP/1.1" 200 1671  7
0:0:0:0:0:0:0:1 -  -  [03/Sep/2016:18:46:36 +0000] "POST /loggedin HTTP/1.1" 302 0  3
0:0:0:0:0:0:0:1 -  -  [03/Sep/2016:18:46:36 +0000] "GET /loggedin?string=&email=postanskosanduce%40gmail.com HTTP/1.1" 200 1671  3
0:0:0:0:0:0:0:1 -  -  [03/Sep/2016:18:46:36 +0000] "POST /loggedin HTTP/1.1" 302 0  6
0:0:0:0:0:0:0:1 -  -  [03/Sep/2016:18:46:36 +0000] "GET /loggedin?string=&email=postanskosanduce%40gmail.com HTTP/1.1" 200 1671  2
0:0:0:0:0:0:0:1 -  -  [03/Sep/2016:18:46:36 +0000] "POST /loggedin HTTP/1.1" 302 0  5
0:0:0:0:0:0:0:1 -  -  [03/Sep/2016:18:46:36 +0000] "GET /loggedin?string=&email=postanskosanduce%40gmail.com HTTP/1.1" 200 1671  2
0:0:0:0:0:0:0:1 -  -  [03/Sep/2016:18:46:36 +0000] "POST /loggedin HTTP/1.1" 302 0  6
0:0:0:0:0:0:0:1 -  -  [03/Sep/2016:18:46:36 +0000] "GET /loggedin?string=&email=postanskosanduce%40gmail.com HTTP/1.1" 200 1670  2
0:0:0:0:0:0:0:1 -  -  [03/Sep/2016:18:46:37 +0000] "POST /loggedin HTTP/1.1" 302 0  3
0:0:0:0:0:0:0:1 -  -  [03/Sep/2016:18:46:37 +0000] "GET /loggedin?string=&email=postanskosanduce%40gmail.com HTTP/1.1" 200 1670  3
0:0:0:0:0:0:0:1 -  -  [03/Sep/2016:18:46:37 +0000] "POST /loggedin HTTP/1.1" 302 0  3
0:0:0:0:0:0:0:1 -  -  [03/Sep/2016:18:46:37 +0000] "GET /loggedin?string=&email=postanskosanduce%40gmail.com HTTP/1.1" 200 1670  6
0:0:0:0:0:0:0:1 -  -  [03/Sep/2016:18:46:37 +0000] "POST /loggedin HTTP/1.1" 302 0  4
0:0:0:0:0:0:0:1 -  -  [03/Sep/2016:18:46:37 +0000] "GET /loggedin?string=&email=postanskosanduce%40gmail.com HTTP/1.1" 200 1671  2
0:0:0:0:0:0:0:1 -  -  [03/Sep/2016:18:46:37 +0000] "POST /loggedin HTTP/1.1" 302 0  4
0:0:0:0:0:0:0:1 -  -  [03/Sep/2016:18:46:37 +0000] "GET /loggedin?string=&email=postanskosanduce%40gmail.com HTTP/1.1" 200 1671  7
0:0:0:0:0:0:0:1 -  -  [03/Sep/2016:18:46:38 +0000] "POST /loggedin HTTP/1.1" 302 0  3
0:0:0:0:0:0:0:1 -  -  [03/Sep/2016:18:46:38 +0000] "GET /loggedin?string=&email=postanskosanduce%40gmail.com HTTP/1.1" 200 1671  11
0:0:0:0:0:0:0:1 -  -  [03/Sep/2016:18:46:39 +0000] "POST /loggedin HTTP/1.1" 302 0  7
0:0:0:0:0:0:0:1 -  -  [03/Sep/2016:18:46:39 +0000] "GET /loggedin?string=&email=postanskosanduce%40gmail.com HTTP/1.1" 200 1685  2
0:0:0:0:0:0:0:1 -  -  [03/Sep/2016:18:46:48 +0000] "GET /loggedin?string=&email=postanskosanduce%40gmail.com HTTP/1.1" 200 1687  165
0:0:0:0:0:0:0:1 -  -  [03/Sep/2016:18:46:50 +0000] "POST /loggedin HTTP/1.1" 302 0  4
0:0:0:0:0:0:0:1 -  -  [03/Sep/2016:18:46:50 +0000] "GET /loggedin?string=&email=postanskosanduce%40gmail.com HTTP/1.1" 200 1684  3
0:0:0:0:0:0:0:1 -  -  [03/Sep/2016:18:46:59 +0000] "GET /loggedin?string=&email=postanskosanduce%40gmail.com HTTP/1.1" 200 1656  219
0:0:0:0:0:0:0:1 -  -  [03/Sep/2016:18:47:01 +0000] "POST /loggedin HTTP/1.1" 302 0  6
0:0:0:0:0:0:0:1 -  -  [03/Sep/2016:18:47:01 +0000] "GET /loggedin?string=&email=postanskosanduce%40gmail.com HTTP/1.1" 200 1653  4
0:0:0:0:0:0:0:1 -  -  [03/Sep/2016:18:47:40 +0000] "POST /loggedin HTTP/1.1" 302 0  4
0:0:0:0:0:0:0:1 -  -  [03/Sep/2016:18:47:40 +0000] "GET /loggedin?string=&email=postanskosanduce%40gmail.com HTTP/1.1" 200 1644  6
0:0:0:0:0:0:0:1 -  -  [03/Sep/2016:18:47:42 +0000] "POST /loggedin HTTP/1.1" 302 0  2
0:0:0:0:0:0:0:1 -  -  [03/Sep/2016:18:47:42 +0000] "GET /loggedin?string=&email=postanskosanduce%40gmail.com HTTP/1.1" 200 1644  2
0:0:0:0:0:0:0:1 -  -  [03/Sep/2016:18:47:42 +0000] "POST /loggedin HTTP/1.1" 302 0  3
0:0:0:0:0:0:0:1 -  -  [03/Sep/2016:18:47:42 +0000] "GET /loggedin?string=&email=postanskosanduce%40gmail.com HTTP/1.1" 200 1643  1
0:0:0:0:0:0:0:1 -  -  [03/Sep/2016:18:47:42 +0000] "POST /loggedin HTTP/1.1" 302 0  9
0:0:0:0:0:0:0:1 -  -  [03/Sep/2016:18:47:42 +0000] "GET /loggedin?string=&email=postanskosanduce%40gmail.com HTTP/1.1" 200 1642  3
0:0:0:0:0:0:0:1 -  -  [03/Sep/2016:18:47:43 +0000] "POST /loggedin HTTP/1.1" 302 0  3
0:0:0:0:0:0:0:1 -  -  [03/Sep/2016:18:47:43 +0000] "GET /loggedin?string=&email=postanskosanduce%40gmail.com HTTP/1.1" 200 1644  1
0:0:0:0:0:0:0:1 -  -  [03/Sep/2016:18:47:43 +0000] "POST /loggedin HTTP/1.1" 302 0  6
0:0:0:0:0:0:0:1 -  -  [03/Sep/2016:18:47:43 +0000] "GET /loggedin?string=&email=postanskosanduce%40gmail.com HTTP/1.1" 200 1644  3
0:0:0:0:0:0:0:1 -  -  [03/Sep/2016:18:47:43 +0000] "POST /loggedin HTTP/1.1" 302 0  5
0:0:0:0:0:0:0:1 -  -  [03/Sep/2016:18:47:43 +0000] "GET /loggedin?string=&email=postanskosanduce%40gmail.com HTTP/1.1" 200 1643  3
0:0:0:0:0:0:0:1 -  -  [03/Sep/2016:18:47:44 +0000] "POST /loggedin HTTP/1.1" 302 0  4
0:0:0:0:0:0:0:1 -  -  [03/Sep/2016:18:47:44 +0000] "GET /loggedin?string=&email=postanskosanduce%40gmail.com HTTP/1.1" 200 1643  2
0:0:0:0:0:0:0:1 -  -  [03/Sep/2016:18:47:44 +0000] "POST /loggedin HTTP/1.1" 302 0  2
0:0:0:0:0:0:0:1 -  -  [03/Sep/2016:18:47:44 +0000] "GET /loggedin?string=&email=postanskosanduce%40gmail.com HTTP/1.1" 200 1643  2
0:0:0:0:0:0:0:1 -  -  [03/Sep/2016:18:47:44 +0000] "POST /loggedin HTTP/1.1" 302 0  3
0:0:0:0:0:0:0:1 -  -  [03/Sep/2016:18:47:44 +0000] "GET /loggedin?string=&email=postanskosanduce%40gmail.com HTTP/1.1" 200 1643  2
0:0:0:0:0:0:0:1 -  -  [03/Sep/2016:18:47:45 +0000] "POST /loggedin HTTP/1.1" 302 0  6
0:0:0:0:0:0:0:1 -  -  [03/Sep/2016:18:47:45 +0000] "GET /loggedin?string=&email=postanskosanduce%40gmail.com HTTP/1.1" 200 1643  4
0:0:0:0:0:0:0:1 -  -  [03/Sep/2016:18:48:11 +0000] "GET /loggedin?string=&email=postanskosanduce%40gmail.com HTTP/1.1" 200 1647  207
0:0:0:0:0:0:0:1 -  -  [03/Sep/2016:18:48:12 +0000] "POST /loggedin HTTP/1.1" 302 0  3
0:0:0:0:0:0:0:1 -  -  [03/Sep/2016:18:48:12 +0000] "GET /loggedin?string=&email=postanskosanduce%40gmail.com HTTP/1.1" 200 1647  9
0:0:0:0:0:0:0:1 -  -  [03/Sep/2016:18:48:18 +0000] "POST /loggedin HTTP/1.1" 302 0  3
0:0:0:0:0:0:0:1 -  -  [03/Sep/2016:18:48:18 +0000] "GET /loggedin?string=&email=postanskosanduce%40gmail.com HTTP/1.1" 200 1665  2
0:0:0:0:0:0:0:1 -  -  [03/Sep/2016:18:48:51 +0000] "GET /loggedin?string=&email=postanskosanduce%40gmail.com HTTP/1.1" 200 1657  145
0:0:0:0:0:0:0:1 -  -  [03/Sep/2016:18:48:56 +0000] "POST /loggedin HTTP/1.1" 302 0  4
0:0:0:0:0:0:0:1 -  -  [03/Sep/2016:18:48:56 +0000] "GET /loggedin?string=&email=postanskosanduce%40gmail.com HTTP/1.1" 200 1651  12
0:0:0:0:0:0:0:1 -  -  [03/Sep/2016:18:48:59 +0000] "GET /loggedin?string=&email=postanskosanduce%40gmail.com HTTP/1.1" 200 1652  2
0:0:0:0:0:0:0:1 -  -  [03/Sep/2016:18:49:03 +0000] "GET / HTTP/1.1" 200 1502  393
0:0:0:0:0:0:0:1 -  -  [03/Sep/2016:18:49:10 +0000] "POST /loggedin HTTP/1.1" 302 0  2
0:0:0:0:0:0:0:1 -  -  [03/Sep/2016:18:49:10 +0000] "GET /loggedin?string=&email=postanskosanduce%40gmail.com HTTP/1.1" 200 1655  3
0:0:0:0:0:0:0:1 -  -  [03/Sep/2016:18:49:34 +0000] "GET /loggedin?string=&email=postanskosanduce%40gmail.com HTTP/1.1" 200 1659  228
0:0:0:0:0:0:0:1 -  -  [03/Sep/2016:18:49:40 +0000] "POST /loggedin HTTP/1.1" 302 0  3
0:0:0:0:0:0:0:1 -  -  [03/Sep/2016:18:49:40 +0000] "GET /loggedin?string=&email=postanskosanduce%40gmail.com HTTP/1.1" 200 1658  9
0:0:0:0:0:0:0:1 -  -  [03/Sep/2016:18:49:45 +0000] "POST /loggedin HTTP/1.1" 302 0  3
0:0:0:0:0:0:0:1 -  -  [03/Sep/2016:18:49:46 +0000] "GET /loggedin?string=&email=postanskosanduce%40gmail.com HTTP/1.1" 200 1686  3
0:0:0:0:0:0:0:1 -  -  [03/Sep/2016:18:50:11 +0000] "POST /loggedin HTTP/1.1" 302 0  3
0:0:0:0:0:0:0:1 -  -  [03/Sep/2016:18:50:11 +0000] "GET /loggedin?string=&email=postanskosanduce%40gmail.com HTTP/1.1" 200 1644  3
0:0:0:0:0:0:0:1 -  -  [03/Sep/2016:18:50:15 +0000] "POST /loggedin HTTP/1.1" 302 0  3
0:0:0:0:0:0:0:1 -  -  [03/Sep/2016:18:50:15 +0000] "GET /loggedin?string=&email=postanskosanduce%40gmail.com HTTP/1.1" 200 1644  1
0:0:0:0:0:0:0:1 -  -  [03/Sep/2016:18:50:16 +0000] "POST /loggedin HTTP/1.1" 302 0  2
0:0:0:0:0:0:0:1 -  -  [03/Sep/2016:18:50:16 +0000] "GET /loggedin?string=&email=postanskosanduce%40gmail.com HTTP/1.1" 200 1644  2
0:0:0:0:0:0:0:1 -  -  [03/Sep/2016:18:50:44 +0000] "GET /loggedin?string=&email=postanskosanduce%40gmail.com HTTP/1.1" 200 1647  131
0:0:0:0:0:0:0:1 -  -  [03/Sep/2016:18:50:52 +0000] "POST /loggedin HTTP/1.1" 302 0  6
0:0:0:0:0:0:0:1 -  -  [03/Sep/2016:18:50:52 +0000] "GET /loggedin?string=&email=postanskosanduce%40gmail.com HTTP/1.1" 200 1665  7
0:0:0:0:0:0:0:1 -  -  [03/Sep/2016:18:51:45 +0000] "GET /loggedin?string=&email=postanskosanduce%40gmail.com HTTP/1.1" 200 1658  119
0:0:0:0:0:0:0:1 -  -  [03/Sep/2016:18:51:50 +0000] "POST /loggedin HTTP/1.1" 302 0  3
0:0:0:0:0:0:0:1 -  -  [03/Sep/2016:18:51:50 +0000] "GET /loggedin?string=&email=postanskosanduce%40gmail.com HTTP/1.1" 200 1651  15
0:0:0:0:0:0:0:1 -  -  [03/Sep/2016:18:52:21 +0000] "POST /loggedin HTTP/1.1" 302 0  6
0:0:0:0:0:0:0:1 -  -  [03/Sep/2016:18:52:21 +0000] "GET /loggedin?string=&email=postanskosanduce%40gmail.com HTTP/1.1" 200 1656  111
